<?xml version="1.0" encoding="UTF-8"?>
<testsuite name="TestBoardSetup" tests="1" time="190.061406" failures="0" errors="2" skipped="0" assertions="0" timestamp="2016-03-04T15:38:18-03:00">
  <testcase name="test_board_setup_tc1047" time="190.060867" assertions="0">
    <error type="Selenium::WebDriver::Error::NoSuchWindowError" message="Window not found. The browser window may have been closed.">
Window not found. The browser window may have been closed. (Selenium::WebDriver::Error::NoSuchWindowError)
[remote server] file:///var/folders/k5/g1_wn6v516n_v_qbsb6yjwyw0000gn/T/webdriver-profile20160304-13161-1cu1mwo/extensions/fxdriver@googlecode.com/components/command-processor.js:12668:in `nsCommandProcessor.prototype.execute'
[remote server] file:///var/folders/k5/g1_wn6v516n_v_qbsb6yjwyw0000gn/T/webdriver-profile20160304-13161-1cu1mwo/extensions/fxdriver@googlecode.com/components/driver-component.js:9511:in `Dispatcher.executeAs/&lt;'
[remote server] file:///var/folders/k5/g1_wn6v516n_v_qbsb6yjwyw0000gn/T/webdriver-profile20160304-13161-1cu1mwo/extensions/fxdriver@googlecode.com/components/driver-component.js:9658:in `Resource.prototype.handle'
[remote server] file:///var/folders/k5/g1_wn6v516n_v_qbsb6yjwyw0000gn/T/webdriver-profile20160304-13161-1cu1mwo/extensions/fxdriver@googlecode.com/components/driver-component.js:9605:in `Dispatcher.prototype.dispatch'
[remote server] file:///var/folders/k5/g1_wn6v516n_v_qbsb6yjwyw0000gn/T/webdriver-profile20160304-13161-1cu1mwo/extensions/fxdriver@googlecode.com/components/driver-component.js:12470:in `WebDriverServer/&lt;.handle'
[remote server] file:///var/folders/k5/g1_wn6v516n_v_qbsb6yjwyw0000gn/T/webdriver-profile20160304-13161-1cu1mwo/extensions/fxdriver@googlecode.com/components/httpd.js:2054:in `createHandlerFunc/&lt;'
[remote server] file:///var/folders/k5/g1_wn6v516n_v_qbsb6yjwyw0000gn/T/webdriver-profile20160304-13161-1cu1mwo/extensions/fxdriver@googlecode.com/components/httpd.js:2387:in `ServerHandler.prototype.handleResponse'
[remote server] file:///var/folders/k5/g1_wn6v516n_v_qbsb6yjwyw0000gn/T/webdriver-profile20160304-13161-1cu1mwo/extensions/fxdriver@googlecode.com/components/httpd.js:1223:in `Connection.prototype.process'
[remote server] file:///var/folders/k5/g1_wn6v516n_v_qbsb6yjwyw0000gn/T/webdriver-profile20160304-13161-1cu1mwo/extensions/fxdriver@googlecode.com/components/httpd.js:1677:in `RequestReader.prototype._handleResponse'
[remote server] file:///var/folders/k5/g1_wn6v516n_v_qbsb6yjwyw0000gn/T/webdriver-profile20160304-13161-1cu1mwo/extensions/fxdriver@googlecode.com/components/httpd.js:1525:in `RequestReader.prototype._processBody'
[remote server] file:///var/folders/k5/g1_wn6v516n_v_qbsb6yjwyw0000gn/T/webdriver-profile20160304-13161-1cu1mwo/extensions/fxdriver@googlecode.com/components/httpd.js:1393:in `RequestReader.prototype.onInputStreamReady'
/Library/Ruby/Gems/2.0.0/gems/selenium-webdriver-2.52.0/lib/selenium/webdriver/remote/response.rb:70:in `assert_ok'
/Library/Ruby/Gems/2.0.0/gems/selenium-webdriver-2.52.0/lib/selenium/webdriver/remote/response.rb:34:in `initialize'
/Library/Ruby/Gems/2.0.0/gems/selenium-webdriver-2.52.0/lib/selenium/webdriver/remote/http/common.rb:78:in `new'
/Library/Ruby/Gems/2.0.0/gems/selenium-webdriver-2.52.0/lib/selenium/webdriver/remote/http/common.rb:78:in `create_response'
/Library/Ruby/Gems/2.0.0/gems/selenium-webdriver-2.52.0/lib/selenium/webdriver/remote/http/default.rb:90:in `request'
/Library/Ruby/Gems/2.0.0/gems/selenium-webdriver-2.52.0/lib/selenium/webdriver/remote/http/common.rb:59:in `call'
/Library/Ruby/Gems/2.0.0/gems/selenium-webdriver-2.52.0/lib/selenium/webdriver/remote/bridge.rb:645:in `raw_execute'
/Library/Ruby/Gems/2.0.0/gems/selenium-webdriver-2.52.0/lib/selenium/webdriver/remote/bridge.rb:623:in `execute'
/Library/Ruby/Gems/2.0.0/gems/selenium-webdriver-2.52.0/lib/selenium/webdriver/remote/bridge.rb:592:in `find_element_by'
/Library/Ruby/Gems/2.0.0/gems/selenium-webdriver-2.52.0/lib/selenium/webdriver/common/search_context.rb:61:in `find_element'
/Users/admin/Desktop/automations_jobscience/jobscience/lib/New_Automation/tests/common.rb:88:in `block in displayed'
/Library/Ruby/Gems/2.0.0/gems/selenium-webdriver-2.52.0/lib/selenium/webdriver/common/wait.rb:58:in `until'
/Users/admin/Desktop/automations_jobscience/jobscience/lib/New_Automation/tests/common.rb:87:in `displayed'
/Users/admin/Desktop/automations_jobscience/jobscience/lib/New_Automation/tests/common.rb:270:in `block in main'
/Users/admin/Desktop/automations_jobscience/jobscience/lib/New_Automation/tests/common.rb:263:in `each'
/Users/admin/Desktop/automations_jobscience/jobscience/lib/New_Automation/tests/common.rb:263:in `main'
/Users/admin/Desktop/automations_jobscience/jobscience/lib/New_Automation/tests/common.rb:787:in `register_job_board'
/Users/admin/Desktop/automations_jobscience/jobscience/lib/New_Automation/tests/test_board_setup.rb:255:in `test_board_setup_tc1047'
/Library/Ruby/Gems/2.0.0/gems/test-unit-2.5.5/lib/test/unit/testcase.rb:691:in `run_test'
/Library/Ruby/Gems/2.0.0/gems/test-unit-2.5.5/lib/test/unit/testcase.rb:431:in `run'
/Library/Ruby/Gems/2.0.0/gems/test-unit-2.5.5/lib/test/unit/testsuite.rb:121:in `run_test'
/Library/Ruby/Gems/2.0.0/gems/test-unit-2.5.5/lib/test/unit/testsuite.rb:53:in `run'
/Library/Ruby/Gems/2.0.0/gems/test-unit-2.5.5/lib/test/unit/testsuite.rb:121:in `run_test'
/Library/Ruby/Gems/2.0.0/gems/test-unit-2.5.5/lib/test/unit/testsuite.rb:53:in `run'
/Library/Ruby/Gems/2.0.0/gems/test-unit-2.5.5/lib/test/unit/testsuite.rb:121:in `run_test'
/Library/Ruby/Gems/2.0.0/gems/test-unit-2.5.5/lib/test/unit/testsuite.rb:53:in `run'
/Library/Ruby/Gems/2.0.0/gems/test-unit-2.5.5/lib/test/unit/ui/testrunnermediator.rb:65:in `run_suite'
/Library/Ruby/Gems/2.0.0/gems/test-unit-2.5.5/lib/test/unit/ui/testrunnermediator.rb:44:in `block in run'
/Library/Ruby/Gems/2.0.0/gems/test-unit-2.5.5/lib/test/unit/ui/testrunnermediator.rb:100:in `with_listener'
/Library/Ruby/Gems/2.0.0/gems/test-unit-2.5.5/lib/test/unit/ui/testrunnermediator.rb:40:in `run'
/Library/Ruby/Gems/2.0.0/gems/test-unit-2.5.5/lib/test/unit/ui/testrunner.rb:40:in `start_mediator'
/Library/Ruby/Gems/2.0.0/gems/test-unit-2.5.5/lib/test/unit/ui/testrunner.rb:25:in `start'
/Library/Ruby/Gems/2.0.0/gems/test-unit-2.5.5/lib/test/unit/ui/testrunnerutilities.rb:24:in `run'
/Library/Ruby/Gems/2.0.0/gems/test-unit-2.5.5/lib/test/unit/autorunner.rb:409:in `block in run'
/Library/Ruby/Gems/2.0.0/gems/test-unit-2.5.5/lib/test/unit/autorunner.rb:465:in `change_work_directory'
/Library/Ruby/Gems/2.0.0/gems/test-unit-2.5.5/lib/test/unit/autorunner.rb:408:in `run'
/Library/Ruby/Gems/2.0.0/gems/test-unit-2.5.5/lib/test/unit/autorunner.rb:59:in `run'
/Library/Ruby/Gems/2.0.0/gems/test-unit-2.5.5/lib/test/unit.rb:502:in `block (2 levels) in &lt;top (required)&gt;'    </error>
    <error type="Selenium::WebDriver::Error::NoSuchWindowError" message="Window not found. The browser window may have been closed.">
Window not found. The browser window may have been closed. (Selenium::WebDriver::Error::NoSuchWindowError)
[remote server] file:///var/folders/k5/g1_wn6v516n_v_qbsb6yjwyw0000gn/T/webdriver-profile20160304-13161-1cu1mwo/extensions/fxdriver@googlecode.com/components/command-processor.js:12668:in `nsCommandProcessor.prototype.execute'
[remote server] file:///var/folders/k5/g1_wn6v516n_v_qbsb6yjwyw0000gn/T/webdriver-profile20160304-13161-1cu1mwo/extensions/fxdriver@googlecode.com/components/driver-component.js:9511:in `Dispatcher.executeAs/&lt;'
[remote server] file:///var/folders/k5/g1_wn6v516n_v_qbsb6yjwyw0000gn/T/webdriver-profile20160304-13161-1cu1mwo/extensions/fxdriver@googlecode.com/components/driver-component.js:9658:in `Resource.prototype.handle'
[remote server] file:///var/folders/k5/g1_wn6v516n_v_qbsb6yjwyw0000gn/T/webdriver-profile20160304-13161-1cu1mwo/extensions/fxdriver@googlecode.com/components/driver-component.js:9605:in `Dispatcher.prototype.dispatch'
[remote server] file:///var/folders/k5/g1_wn6v516n_v_qbsb6yjwyw0000gn/T/webdriver-profile20160304-13161-1cu1mwo/extensions/fxdriver@googlecode.com/components/driver-component.js:12470:in `WebDriverServer/&lt;.handle'
[remote server] file:///var/folders/k5/g1_wn6v516n_v_qbsb6yjwyw0000gn/T/webdriver-profile20160304-13161-1cu1mwo/extensions/fxdriver@googlecode.com/components/httpd.js:2054:in `createHandlerFunc/&lt;'
[remote server] file:///var/folders/k5/g1_wn6v516n_v_qbsb6yjwyw0000gn/T/webdriver-profile20160304-13161-1cu1mwo/extensions/fxdriver@googlecode.com/components/httpd.js:2387:in `ServerHandler.prototype.handleResponse'
[remote server] file:///var/folders/k5/g1_wn6v516n_v_qbsb6yjwyw0000gn/T/webdriver-profile20160304-13161-1cu1mwo/extensions/fxdriver@googlecode.com/components/httpd.js:1223:in `Connection.prototype.process'
[remote server] file:///var/folders/k5/g1_wn6v516n_v_qbsb6yjwyw0000gn/T/webdriver-profile20160304-13161-1cu1mwo/extensions/fxdriver@googlecode.com/components/httpd.js:1677:in `RequestReader.prototype._handleResponse'
[remote server] file:///var/folders/k5/g1_wn6v516n_v_qbsb6yjwyw0000gn/T/webdriver-profile20160304-13161-1cu1mwo/extensions/fxdriver@googlecode.com/components/httpd.js:1525:in `RequestReader.prototype._processBody'
[remote server] file:///var/folders/k5/g1_wn6v516n_v_qbsb6yjwyw0000gn/T/webdriver-profile20160304-13161-1cu1mwo/extensions/fxdriver@googlecode.com/components/httpd.js:1393:in `RequestReader.prototype.onInputStreamReady'
/Library/Ruby/Gems/2.0.0/gems/selenium-webdriver-2.52.0/lib/selenium/webdriver/remote/response.rb:70:in `assert_ok'
/Library/Ruby/Gems/2.0.0/gems/selenium-webdriver-2.52.0/lib/selenium/webdriver/remote/response.rb:34:in `initialize'
/Library/Ruby/Gems/2.0.0/gems/selenium-webdriver-2.52.0/lib/selenium/webdriver/remote/http/common.rb:78:in `new'
/Library/Ruby/Gems/2.0.0/gems/selenium-webdriver-2.52.0/lib/selenium/webdriver/remote/http/common.rb:78:in `create_response'
/Library/Ruby/Gems/2.0.0/gems/selenium-webdriver-2.52.0/lib/selenium/webdriver/remote/http/default.rb:90:in `request'
/Library/Ruby/Gems/2.0.0/gems/selenium-webdriver-2.52.0/lib/selenium/webdriver/remote/http/common.rb:59:in `call'
/Library/Ruby/Gems/2.0.0/gems/selenium-webdriver-2.52.0/lib/selenium/webdriver/remote/bridge.rb:645:in `raw_execute'
/Library/Ruby/Gems/2.0.0/gems/selenium-webdriver-2.52.0/lib/selenium/webdriver/remote/bridge.rb:623:in `execute'
/Library/Ruby/Gems/2.0.0/gems/selenium-webdriver-2.52.0/lib/selenium/webdriver/remote/bridge.rb:222:in `close'
/Library/Ruby/Gems/2.0.0/gems/selenium-webdriver-2.52.0/lib/selenium/webdriver/common/driver.rb:183:in `close'
/Users/admin/Desktop/automations_jobscience/jobscience/lib/New_Automation/tests/test_basic.rb:33:in `teardown'
/Library/Ruby/Gems/2.0.0/gems/test-unit-2.5.5/lib/test/unit/fixture.rb:202:in `block in run_fixture_callback'
/Library/Ruby/Gems/2.0.0/gems/test-unit-2.5.5/lib/test/unit/fixture.rb:207:in `call'
/Library/Ruby/Gems/2.0.0/gems/test-unit-2.5.5/lib/test/unit/fixture.rb:207:in `run_fixture_callback'
/Library/Ruby/Gems/2.0.0/gems/test-unit-2.5.5/lib/test/unit/fixture.rb:190:in `block in run_fixture'
/Library/Ruby/Gems/2.0.0/gems/test-unit-2.5.5/lib/test/unit/fixture.rb:189:in `each'
/Library/Ruby/Gems/2.0.0/gems/test-unit-2.5.5/lib/test/unit/fixture.rb:189:in `run_fixture'
/Library/Ruby/Gems/2.0.0/gems/test-unit-2.5.5/lib/test/unit/fixture.rb:223:in `run_teardown'
/Library/Ruby/Gems/2.0.0/gems/test-unit-2.5.5/lib/test/unit/testcase.rb:439:in `run'
/Library/Ruby/Gems/2.0.0/gems/test-unit-2.5.5/lib/test/unit/testsuite.rb:121:in `run_test'
/Library/Ruby/Gems/2.0.0/gems/test-unit-2.5.5/lib/test/unit/testsuite.rb:53:in `run'
/Library/Ruby/Gems/2.0.0/gems/test-unit-2.5.5/lib/test/unit/testsuite.rb:121:in `run_test'
/Library/Ruby/Gems/2.0.0/gems/test-unit-2.5.5/lib/test/unit/testsuite.rb:53:in `run'
/Library/Ruby/Gems/2.0.0/gems/test-unit-2.5.5/lib/test/unit/testsuite.rb:121:in `run_test'
/Library/Ruby/Gems/2.0.0/gems/test-unit-2.5.5/lib/test/unit/testsuite.rb:53:in `run'
/Library/Ruby/Gems/2.0.0/gems/test-unit-2.5.5/lib/test/unit/ui/testrunnermediator.rb:65:in `run_suite'
/Library/Ruby/Gems/2.0.0/gems/test-unit-2.5.5/lib/test/unit/ui/testrunnermediator.rb:44:in `block in run'
/Library/Ruby/Gems/2.0.0/gems/test-unit-2.5.5/lib/test/unit/ui/testrunnermediator.rb:100:in `with_listener'
/Library/Ruby/Gems/2.0.0/gems/test-unit-2.5.5/lib/test/unit/ui/testrunnermediator.rb:40:in `run'
/Library/Ruby/Gems/2.0.0/gems/test-unit-2.5.5/lib/test/unit/ui/testrunner.rb:40:in `start_mediator'
/Library/Ruby/Gems/2.0.0/gems/test-unit-2.5.5/lib/test/unit/ui/testrunner.rb:25:in `start'
/Library/Ruby/Gems/2.0.0/gems/test-unit-2.5.5/lib/test/unit/ui/testrunnerutilities.rb:24:in `run'
/Library/Ruby/Gems/2.0.0/gems/test-unit-2.5.5/lib/test/unit/autorunner.rb:409:in `block in run'
/Library/Ruby/Gems/2.0.0/gems/test-unit-2.5.5/lib/test/unit/autorunner.rb:465:in `change_work_directory'
/Library/Ruby/Gems/2.0.0/gems/test-unit-2.5.5/lib/test/unit/autorunner.rb:408:in `run'
/Library/Ruby/Gems/2.0.0/gems/test-unit-2.5.5/lib/test/unit/autorunner.rb:59:in `run'
/Library/Ruby/Gems/2.0.0/gems/test-unit-2.5.5/lib/test/unit.rb:502:in `block (2 levels) in &lt;top (required)&gt;'    </error>
  </testcase>
  <system-out>

main

click
displayed
.//*[@id='topButtonRow']/input[1]
click
checked
.//*[@id='j_id0:frm:PageBlock:j_id32:j_id41'][@checked='checked']
unchecked
((.//*[@class='detailList'])[1])/tbody/tr[6]/td[1]//*[@type='checkbox'][not (@checked='checked')]
unchecked
((.//*[@class='detailList'])[1])/tbody/tr[7]/td[1]//*[@type='checkbox'][not (@checked='checked')]
unchecked
((.//*[@class='detailList'])[1])/tbody/tr[8]/td[1]//*[@type='checkbox'][not (@checked='checked')]
unchecked
((.//*[@class='detailList'])[1])/tbody/tr[9]/td[1]//*[@type='checkbox'][not (@checked='checked')]
unchecked
((.//*[@class='detailList'])[1])/tbody/tr[8]/td[2]//*[@type='checkbox'][not (@checked='checked')]
unchecked
.//*[@id='j_id0:frm:PageBlock:j_id32:j_id44'][not (@checked='checked')]
click

main

displayed
.//*[@id='thePage:theForm:thePageBlock:loginPageBlockSection:enableLogin']
set_text
click
displayed
.//*[@value='Edit']

main

displayed
.//*[@id='js-menu-register']/a
click
displayed
.//*[@id='j_id0:j_id1:atsForm:email']
set_text
set_text
set_text
set_text
set_text
set_text_exist
error in set_text_exist
click
displayed
.//*[@value='Continue']
click
displayed
.//*[@id='atsApplicationSubmittedMain'][text()[contains(.,'You have successfully registered')]]
  </system-out>
</testsuite>
