<?xml version="1.0" encoding="UTF-8"?>
<testsuite name="TestQuestionSets" tests="9" time="518.846798" failures="0" errors="5" skipped="0" assertions="7" timestamp="2016-03-04T14:28:55-03:00">
  <testcase name="test_CopyQuestionSet" time="33.053398" assertions="1">
  </testcase>
  <testcase name="test_NewQuestionSet" time="16.901282" assertions="1">
  </testcase>
  <testcase name="test_NewQuestionSetsErrors" time="18.604745" assertions="0">
    <error type="Selenium::WebDriver::Error::NoSuchElementError" message="Unable to locate element: {&quot;method&quot;:&quot;xpath&quot;,&quot;selector&quot;:&quot;.//*[@name='save']&quot;}">
Unable to locate element: {"method":"xpath","selector":".//*[@name='save']"} (Selenium::WebDriver::Error::NoSuchElementError)
[remote server] file:///var/folders/ml/2cj5zyh53ys2qn9_nwv386q00000gn/T/webdriver-profile20160304-1281-13r5gjv/extensions/fxdriver@googlecode.com/components/driver-component.js:10719:in `FirefoxDriver.prototype.findElementInternal_'
[remote server] file:///var/folders/ml/2cj5zyh53ys2qn9_nwv386q00000gn/T/webdriver-profile20160304-1281-13r5gjv/extensions/fxdriver@googlecode.com/components/driver-component.js:10728:in `FirefoxDriver.prototype.findElement'
[remote server] file:///var/folders/ml/2cj5zyh53ys2qn9_nwv386q00000gn/T/webdriver-profile20160304-1281-13r5gjv/extensions/fxdriver@googlecode.com/components/command-processor.js:12595:in `DelayedCommand.prototype.executeInternal_/h'
[remote server] file:///var/folders/ml/2cj5zyh53ys2qn9_nwv386q00000gn/T/webdriver-profile20160304-1281-13r5gjv/extensions/fxdriver@googlecode.com/components/command-processor.js:12600:in `DelayedCommand.prototype.executeInternal_'
[remote server] file:///var/folders/ml/2cj5zyh53ys2qn9_nwv386q00000gn/T/webdriver-profile20160304-1281-13r5gjv/extensions/fxdriver@googlecode.com/components/command-processor.js:12542:in `DelayedCommand.prototype.execute/&lt;'
/Users/admin/.rbenv/versions/2.2.3/lib/ruby/gems/2.2.0/gems/selenium-webdriver-2.50.0/lib/selenium/webdriver/remote/response.rb:70:in `assert_ok'
/Users/admin/.rbenv/versions/2.2.3/lib/ruby/gems/2.2.0/gems/selenium-webdriver-2.50.0/lib/selenium/webdriver/remote/response.rb:34:in `initialize'
/Users/admin/.rbenv/versions/2.2.3/lib/ruby/gems/2.2.0/gems/selenium-webdriver-2.50.0/lib/selenium/webdriver/remote/http/common.rb:78:in `new'
/Users/admin/.rbenv/versions/2.2.3/lib/ruby/gems/2.2.0/gems/selenium-webdriver-2.50.0/lib/selenium/webdriver/remote/http/common.rb:78:in `create_response'
/Users/admin/.rbenv/versions/2.2.3/lib/ruby/gems/2.2.0/gems/selenium-webdriver-2.50.0/lib/selenium/webdriver/remote/http/default.rb:90:in `request'
/Users/admin/.rbenv/versions/2.2.3/lib/ruby/gems/2.2.0/gems/selenium-webdriver-2.50.0/lib/selenium/webdriver/remote/http/common.rb:59:in `call'
/Users/admin/.rbenv/versions/2.2.3/lib/ruby/gems/2.2.0/gems/selenium-webdriver-2.50.0/lib/selenium/webdriver/remote/bridge.rb:645:in `raw_execute'
/Users/admin/.rbenv/versions/2.2.3/lib/ruby/gems/2.2.0/gems/selenium-webdriver-2.50.0/lib/selenium/webdriver/remote/bridge.rb:623:in `execute'
/Users/admin/.rbenv/versions/2.2.3/lib/ruby/gems/2.2.0/gems/selenium-webdriver-2.50.0/lib/selenium/webdriver/remote/bridge.rb:592:in `find_element_by'
/Users/admin/.rbenv/versions/2.2.3/lib/ruby/gems/2.2.0/gems/selenium-webdriver-2.50.0/lib/selenium/webdriver/common/search_context.rb:61:in `find_element'
/Users/admin/Desktop/Autommation/jobscience/lib/New_Automation/tests/test_question_sets.rb:100:in `test_NewQuestionSetsErrors'
/Users/admin/.rbenv/versions/2.2.3/lib/ruby/gems/2.2.0/gems/test-unit-2.5.5/lib/test/unit/testcase.rb:691:in `run_test'
/Users/admin/.rbenv/versions/2.2.3/lib/ruby/gems/2.2.0/gems/test-unit-2.5.5/lib/test/unit/testcase.rb:431:in `run'
/Users/admin/.rbenv/versions/2.2.3/lib/ruby/gems/2.2.0/gems/test-unit-2.5.5/lib/test/unit/testsuite.rb:121:in `run_test'
/Users/admin/.rbenv/versions/2.2.3/lib/ruby/gems/2.2.0/gems/test-unit-2.5.5/lib/test/unit/testsuite.rb:53:in `run'
/Users/admin/.rbenv/versions/2.2.3/lib/ruby/gems/2.2.0/gems/test-unit-2.5.5/lib/test/unit/testsuite.rb:121:in `run_test'
/Users/admin/.rbenv/versions/2.2.3/lib/ruby/gems/2.2.0/gems/test-unit-2.5.5/lib/test/unit/testsuite.rb:53:in `run'
/Users/admin/.rbenv/versions/2.2.3/lib/ruby/gems/2.2.0/gems/test-unit-2.5.5/lib/test/unit/testsuite.rb:121:in `run_test'
/Users/admin/.rbenv/versions/2.2.3/lib/ruby/gems/2.2.0/gems/test-unit-2.5.5/lib/test/unit/testsuite.rb:53:in `run'
/Users/admin/.rbenv/versions/2.2.3/lib/ruby/gems/2.2.0/gems/test-unit-2.5.5/lib/test/unit/ui/testrunnermediator.rb:65:in `run_suite'
/Users/admin/.rbenv/versions/2.2.3/lib/ruby/gems/2.2.0/gems/test-unit-2.5.5/lib/test/unit/ui/testrunnermediator.rb:44:in `block in run'
/Users/admin/.rbenv/versions/2.2.3/lib/ruby/gems/2.2.0/gems/test-unit-2.5.5/lib/test/unit/ui/testrunnermediator.rb:100:in `with_listener'
/Users/admin/.rbenv/versions/2.2.3/lib/ruby/gems/2.2.0/gems/test-unit-2.5.5/lib/test/unit/ui/testrunnermediator.rb:40:in `run'
/Users/admin/.rbenv/versions/2.2.3/lib/ruby/gems/2.2.0/gems/test-unit-2.5.5/lib/test/unit/ui/testrunner.rb:40:in `start_mediator'
/Users/admin/.rbenv/versions/2.2.3/lib/ruby/gems/2.2.0/gems/test-unit-2.5.5/lib/test/unit/ui/testrunner.rb:25:in `start'
/Users/admin/.rbenv/versions/2.2.3/lib/ruby/gems/2.2.0/gems/test-unit-2.5.5/lib/test/unit/ui/testrunnerutilities.rb:24:in `run'
/Users/admin/.rbenv/versions/2.2.3/lib/ruby/gems/2.2.0/gems/test-unit-2.5.5/lib/test/unit/autorunner.rb:409:in `block in run'
/Users/admin/.rbenv/versions/2.2.3/lib/ruby/gems/2.2.0/gems/test-unit-2.5.5/lib/test/unit/autorunner.rb:465:in `change_work_directory'
/Users/admin/.rbenv/versions/2.2.3/lib/ruby/gems/2.2.0/gems/test-unit-2.5.5/lib/test/unit/autorunner.rb:408:in `run'
/Users/admin/.rbenv/versions/2.2.3/lib/ruby/gems/2.2.0/gems/test-unit-2.5.5/lib/test/unit/autorunner.rb:59:in `run'
/Users/admin/.rbenv/versions/2.2.3/lib/ruby/gems/2.2.0/gems/test-unit-2.5.5/lib/test/unit.rb:502:in `block (2 levels) in &lt;top (required)&gt;'    </error>
  </testcase>
  <testcase name="test_QuestionSetBuilder" time="52.994209" assertions="0">
    <error type="Selenium::WebDriver::Error::TimeOutError" message="timed out after 20 seconds (Unable to locate element: {&quot;method&quot;:&quot;xpath&quot;,&quot;selector&quot;:&quot;.//*[@class='ui-sortable']/li[1]&quot;})">
timed out after 20 seconds (Unable to locate element: {"method":"xpath","selector":".//*[@class='ui-sortable']/li[1]"}) (Selenium::WebDriver::Error::TimeOutError)
/Users/admin/.rbenv/versions/2.2.3/lib/ruby/gems/2.2.0/gems/selenium-webdriver-2.50.0/lib/selenium/webdriver/common/wait.rb:76:in `until'
/Users/admin/Desktop/Autommation/jobscience/lib/New_Automation/tests/test_question_sets.rb:928:in `test_QuestionSetBuilder'
/Users/admin/.rbenv/versions/2.2.3/lib/ruby/gems/2.2.0/gems/test-unit-2.5.5/lib/test/unit/testcase.rb:691:in `run_test'
/Users/admin/.rbenv/versions/2.2.3/lib/ruby/gems/2.2.0/gems/test-unit-2.5.5/lib/test/unit/testcase.rb:431:in `run'
/Users/admin/.rbenv/versions/2.2.3/lib/ruby/gems/2.2.0/gems/test-unit-2.5.5/lib/test/unit/testsuite.rb:121:in `run_test'
/Users/admin/.rbenv/versions/2.2.3/lib/ruby/gems/2.2.0/gems/test-unit-2.5.5/lib/test/unit/testsuite.rb:53:in `run'
/Users/admin/.rbenv/versions/2.2.3/lib/ruby/gems/2.2.0/gems/test-unit-2.5.5/lib/test/unit/testsuite.rb:121:in `run_test'
/Users/admin/.rbenv/versions/2.2.3/lib/ruby/gems/2.2.0/gems/test-unit-2.5.5/lib/test/unit/testsuite.rb:53:in `run'
/Users/admin/.rbenv/versions/2.2.3/lib/ruby/gems/2.2.0/gems/test-unit-2.5.5/lib/test/unit/testsuite.rb:121:in `run_test'
/Users/admin/.rbenv/versions/2.2.3/lib/ruby/gems/2.2.0/gems/test-unit-2.5.5/lib/test/unit/testsuite.rb:53:in `run'
/Users/admin/.rbenv/versions/2.2.3/lib/ruby/gems/2.2.0/gems/test-unit-2.5.5/lib/test/unit/ui/testrunnermediator.rb:65:in `run_suite'
/Users/admin/.rbenv/versions/2.2.3/lib/ruby/gems/2.2.0/gems/test-unit-2.5.5/lib/test/unit/ui/testrunnermediator.rb:44:in `block in run'
/Users/admin/.rbenv/versions/2.2.3/lib/ruby/gems/2.2.0/gems/test-unit-2.5.5/lib/test/unit/ui/testrunnermediator.rb:100:in `with_listener'
/Users/admin/.rbenv/versions/2.2.3/lib/ruby/gems/2.2.0/gems/test-unit-2.5.5/lib/test/unit/ui/testrunnermediator.rb:40:in `run'
/Users/admin/.rbenv/versions/2.2.3/lib/ruby/gems/2.2.0/gems/test-unit-2.5.5/lib/test/unit/ui/testrunner.rb:40:in `start_mediator'
/Users/admin/.rbenv/versions/2.2.3/lib/ruby/gems/2.2.0/gems/test-unit-2.5.5/lib/test/unit/ui/testrunner.rb:25:in `start'
/Users/admin/.rbenv/versions/2.2.3/lib/ruby/gems/2.2.0/gems/test-unit-2.5.5/lib/test/unit/ui/testrunnerutilities.rb:24:in `run'
/Users/admin/.rbenv/versions/2.2.3/lib/ruby/gems/2.2.0/gems/test-unit-2.5.5/lib/test/unit/autorunner.rb:409:in `block in run'
/Users/admin/.rbenv/versions/2.2.3/lib/ruby/gems/2.2.0/gems/test-unit-2.5.5/lib/test/unit/autorunner.rb:465:in `change_work_directory'
/Users/admin/.rbenv/versions/2.2.3/lib/ruby/gems/2.2.0/gems/test-unit-2.5.5/lib/test/unit/autorunner.rb:408:in `run'
/Users/admin/.rbenv/versions/2.2.3/lib/ruby/gems/2.2.0/gems/test-unit-2.5.5/lib/test/unit/autorunner.rb:59:in `run'
/Users/admin/.rbenv/versions/2.2.3/lib/ruby/gems/2.2.0/gems/test-unit-2.5.5/lib/test/unit.rb:502:in `block (2 levels) in &lt;top (required)&gt;'    </error>
  </testcase>
  <testcase name="test_QuestionSetBuilderOptionalText" time="49.63658" assertions="4">
  </testcase>
  <testcase name="test_QuestionSetHandlerAlways" time="98.268848" assertions="1">
  </testcase>
  <testcase name="test_QuestionSetHandlerOmit" time="113.566001" assertions="0">
    <error type="Selenium::WebDriver::Error::TimeOutError" message="timed out after 20 seconds (Unable to locate element: {&quot;method&quot;:&quot;xpath&quot;,&quot;selector&quot;:&quot;.//*[@value='Submit']&quot;})">
timed out after 20 seconds (Unable to locate element: {"method":"xpath","selector":".//*[@value='Submit']"}) (Selenium::WebDriver::Error::TimeOutError)
/Users/admin/.rbenv/versions/2.2.3/lib/ruby/gems/2.2.0/gems/selenium-webdriver-2.50.0/lib/selenium/webdriver/common/wait.rb:76:in `until'
/Users/admin/Desktop/Autommation/jobscience/lib/New_Automation/tests/test_question_sets.rb:830:in `test_QuestionSetHandlerOmit'
/Users/admin/.rbenv/versions/2.2.3/lib/ruby/gems/2.2.0/gems/test-unit-2.5.5/lib/test/unit/testcase.rb:691:in `run_test'
/Users/admin/.rbenv/versions/2.2.3/lib/ruby/gems/2.2.0/gems/test-unit-2.5.5/lib/test/unit/testcase.rb:431:in `run'
/Users/admin/.rbenv/versions/2.2.3/lib/ruby/gems/2.2.0/gems/test-unit-2.5.5/lib/test/unit/testsuite.rb:121:in `run_test'
/Users/admin/.rbenv/versions/2.2.3/lib/ruby/gems/2.2.0/gems/test-unit-2.5.5/lib/test/unit/testsuite.rb:53:in `run'
/Users/admin/.rbenv/versions/2.2.3/lib/ruby/gems/2.2.0/gems/test-unit-2.5.5/lib/test/unit/testsuite.rb:121:in `run_test'
/Users/admin/.rbenv/versions/2.2.3/lib/ruby/gems/2.2.0/gems/test-unit-2.5.5/lib/test/unit/testsuite.rb:53:in `run'
/Users/admin/.rbenv/versions/2.2.3/lib/ruby/gems/2.2.0/gems/test-unit-2.5.5/lib/test/unit/testsuite.rb:121:in `run_test'
/Users/admin/.rbenv/versions/2.2.3/lib/ruby/gems/2.2.0/gems/test-unit-2.5.5/lib/test/unit/testsuite.rb:53:in `run'
/Users/admin/.rbenv/versions/2.2.3/lib/ruby/gems/2.2.0/gems/test-unit-2.5.5/lib/test/unit/ui/testrunnermediator.rb:65:in `run_suite'
/Users/admin/.rbenv/versions/2.2.3/lib/ruby/gems/2.2.0/gems/test-unit-2.5.5/lib/test/unit/ui/testrunnermediator.rb:44:in `block in run'
/Users/admin/.rbenv/versions/2.2.3/lib/ruby/gems/2.2.0/gems/test-unit-2.5.5/lib/test/unit/ui/testrunnermediator.rb:100:in `with_listener'
/Users/admin/.rbenv/versions/2.2.3/lib/ruby/gems/2.2.0/gems/test-unit-2.5.5/lib/test/unit/ui/testrunnermediator.rb:40:in `run'
/Users/admin/.rbenv/versions/2.2.3/lib/ruby/gems/2.2.0/gems/test-unit-2.5.5/lib/test/unit/ui/testrunner.rb:40:in `start_mediator'
/Users/admin/.rbenv/versions/2.2.3/lib/ruby/gems/2.2.0/gems/test-unit-2.5.5/lib/test/unit/ui/testrunner.rb:25:in `start'
/Users/admin/.rbenv/versions/2.2.3/lib/ruby/gems/2.2.0/gems/test-unit-2.5.5/lib/test/unit/ui/testrunnerutilities.rb:24:in `run'
/Users/admin/.rbenv/versions/2.2.3/lib/ruby/gems/2.2.0/gems/test-unit-2.5.5/lib/test/unit/autorunner.rb:409:in `block in run'
/Users/admin/.rbenv/versions/2.2.3/lib/ruby/gems/2.2.0/gems/test-unit-2.5.5/lib/test/unit/autorunner.rb:465:in `change_work_directory'
/Users/admin/.rbenv/versions/2.2.3/lib/ruby/gems/2.2.0/gems/test-unit-2.5.5/lib/test/unit/autorunner.rb:408:in `run'
/Users/admin/.rbenv/versions/2.2.3/lib/ruby/gems/2.2.0/gems/test-unit-2.5.5/lib/test/unit/autorunner.rb:59:in `run'
/Users/admin/.rbenv/versions/2.2.3/lib/ruby/gems/2.2.0/gems/test-unit-2.5.5/lib/test/unit.rb:502:in `block (2 levels) in &lt;top (required)&gt;'    </error>
  </testcase>
  <testcase name="test_QuestionSetHandlerPopulate" time="88.903864" assertions="0">
    <error type="Selenium::WebDriver::Error::NoSuchElementError" message="Unable to locate element: {&quot;method&quot;:&quot;xpath&quot;,&quot;selector&quot;:&quot;.//*[@class='atsSearchResultsData ']//*[text()[contains(.,'ec518e91')]]&quot;}">
Unable to locate element: {"method":"xpath","selector":".//*[@class='atsSearchResultsData ']//*[text()[contains(.,'ec518e91')]]"} (Selenium::WebDriver::Error::NoSuchElementError)
[remote server] file:///var/folders/ml/2cj5zyh53ys2qn9_nwv386q00000gn/T/webdriver-profile20160304-1281-sr0lw3/extensions/fxdriver@googlecode.com/components/driver-component.js:10719:in `FirefoxDriver.prototype.findElementInternal_'
[remote server] file:///var/folders/ml/2cj5zyh53ys2qn9_nwv386q00000gn/T/webdriver-profile20160304-1281-sr0lw3/extensions/fxdriver@googlecode.com/components/driver-component.js:10728:in `FirefoxDriver.prototype.findElement'
[remote server] file:///var/folders/ml/2cj5zyh53ys2qn9_nwv386q00000gn/T/webdriver-profile20160304-1281-sr0lw3/extensions/fxdriver@googlecode.com/components/command-processor.js:12595:in `DelayedCommand.prototype.executeInternal_/h'
[remote server] file:///var/folders/ml/2cj5zyh53ys2qn9_nwv386q00000gn/T/webdriver-profile20160304-1281-sr0lw3/extensions/fxdriver@googlecode.com/components/command-processor.js:12600:in `DelayedCommand.prototype.executeInternal_'
[remote server] file:///var/folders/ml/2cj5zyh53ys2qn9_nwv386q00000gn/T/webdriver-profile20160304-1281-sr0lw3/extensions/fxdriver@googlecode.com/components/command-processor.js:12542:in `DelayedCommand.prototype.execute/&lt;'
/Users/admin/.rbenv/versions/2.2.3/lib/ruby/gems/2.2.0/gems/selenium-webdriver-2.50.0/lib/selenium/webdriver/remote/response.rb:70:in `assert_ok'
/Users/admin/.rbenv/versions/2.2.3/lib/ruby/gems/2.2.0/gems/selenium-webdriver-2.50.0/lib/selenium/webdriver/remote/response.rb:34:in `initialize'
/Users/admin/.rbenv/versions/2.2.3/lib/ruby/gems/2.2.0/gems/selenium-webdriver-2.50.0/lib/selenium/webdriver/remote/http/common.rb:78:in `new'
/Users/admin/.rbenv/versions/2.2.3/lib/ruby/gems/2.2.0/gems/selenium-webdriver-2.50.0/lib/selenium/webdriver/remote/http/common.rb:78:in `create_response'
/Users/admin/.rbenv/versions/2.2.3/lib/ruby/gems/2.2.0/gems/selenium-webdriver-2.50.0/lib/selenium/webdriver/remote/http/default.rb:90:in `request'
/Users/admin/.rbenv/versions/2.2.3/lib/ruby/gems/2.2.0/gems/selenium-webdriver-2.50.0/lib/selenium/webdriver/remote/http/common.rb:59:in `call'
/Users/admin/.rbenv/versions/2.2.3/lib/ruby/gems/2.2.0/gems/selenium-webdriver-2.50.0/lib/selenium/webdriver/remote/bridge.rb:645:in `raw_execute'
/Users/admin/.rbenv/versions/2.2.3/lib/ruby/gems/2.2.0/gems/selenium-webdriver-2.50.0/lib/selenium/webdriver/remote/bridge.rb:623:in `execute'
/Users/admin/.rbenv/versions/2.2.3/lib/ruby/gems/2.2.0/gems/selenium-webdriver-2.50.0/lib/selenium/webdriver/remote/bridge.rb:592:in `find_element_by'
/Users/admin/.rbenv/versions/2.2.3/lib/ruby/gems/2.2.0/gems/selenium-webdriver-2.50.0/lib/selenium/webdriver/common/search_context.rb:61:in `find_element'
/Users/admin/Desktop/Autommation/jobscience/lib/New_Automation/tests/test_question_sets.rb:558:in `test_QuestionSetHandlerPopulate'
/Users/admin/.rbenv/versions/2.2.3/lib/ruby/gems/2.2.0/gems/test-unit-2.5.5/lib/test/unit/testcase.rb:691:in `run_test'
/Users/admin/.rbenv/versions/2.2.3/lib/ruby/gems/2.2.0/gems/test-unit-2.5.5/lib/test/unit/testcase.rb:431:in `run'
/Users/admin/.rbenv/versions/2.2.3/lib/ruby/gems/2.2.0/gems/test-unit-2.5.5/lib/test/unit/testsuite.rb:121:in `run_test'
/Users/admin/.rbenv/versions/2.2.3/lib/ruby/gems/2.2.0/gems/test-unit-2.5.5/lib/test/unit/testsuite.rb:53:in `run'
/Users/admin/.rbenv/versions/2.2.3/lib/ruby/gems/2.2.0/gems/test-unit-2.5.5/lib/test/unit/testsuite.rb:121:in `run_test'
/Users/admin/.rbenv/versions/2.2.3/lib/ruby/gems/2.2.0/gems/test-unit-2.5.5/lib/test/unit/testsuite.rb:53:in `run'
/Users/admin/.rbenv/versions/2.2.3/lib/ruby/gems/2.2.0/gems/test-unit-2.5.5/lib/test/unit/testsuite.rb:121:in `run_test'
/Users/admin/.rbenv/versions/2.2.3/lib/ruby/gems/2.2.0/gems/test-unit-2.5.5/lib/test/unit/testsuite.rb:53:in `run'
/Users/admin/.rbenv/versions/2.2.3/lib/ruby/gems/2.2.0/gems/test-unit-2.5.5/lib/test/unit/ui/testrunnermediator.rb:65:in `run_suite'
/Users/admin/.rbenv/versions/2.2.3/lib/ruby/gems/2.2.0/gems/test-unit-2.5.5/lib/test/unit/ui/testrunnermediator.rb:44:in `block in run'
/Users/admin/.rbenv/versions/2.2.3/lib/ruby/gems/2.2.0/gems/test-unit-2.5.5/lib/test/unit/ui/testrunnermediator.rb:100:in `with_listener'
/Users/admin/.rbenv/versions/2.2.3/lib/ruby/gems/2.2.0/gems/test-unit-2.5.5/lib/test/unit/ui/testrunnermediator.rb:40:in `run'
/Users/admin/.rbenv/versions/2.2.3/lib/ruby/gems/2.2.0/gems/test-unit-2.5.5/lib/test/unit/ui/testrunner.rb:40:in `start_mediator'
/Users/admin/.rbenv/versions/2.2.3/lib/ruby/gems/2.2.0/gems/test-unit-2.5.5/lib/test/unit/ui/testrunner.rb:25:in `start'
/Users/admin/.rbenv/versions/2.2.3/lib/ruby/gems/2.2.0/gems/test-unit-2.5.5/lib/test/unit/ui/testrunnerutilities.rb:24:in `run'
/Users/admin/.rbenv/versions/2.2.3/lib/ruby/gems/2.2.0/gems/test-unit-2.5.5/lib/test/unit/autorunner.rb:409:in `block in run'
/Users/admin/.rbenv/versions/2.2.3/lib/ruby/gems/2.2.0/gems/test-unit-2.5.5/lib/test/unit/autorunner.rb:465:in `change_work_directory'
/Users/admin/.rbenv/versions/2.2.3/lib/ruby/gems/2.2.0/gems/test-unit-2.5.5/lib/test/unit/autorunner.rb:408:in `run'
/Users/admin/.rbenv/versions/2.2.3/lib/ruby/gems/2.2.0/gems/test-unit-2.5.5/lib/test/unit/autorunner.rb:59:in `run'
/Users/admin/.rbenv/versions/2.2.3/lib/ruby/gems/2.2.0/gems/test-unit-2.5.5/lib/test/unit.rb:502:in `block (2 levels) in &lt;top (required)&gt;'    </error>
  </testcase>
  <testcase name="test_VerifyQuestionSetJobBoard" time="46.916703" assertions="0">
    <error type="Selenium::WebDriver::Error::TimeOutError" message="timed out after 20 seconds (Unable to locate element: {&quot;method&quot;:&quot;xpath&quot;,&quot;selector&quot;:&quot;.//*[@class='ui-sortable']/li[1]&quot;})">
timed out after 20 seconds (Unable to locate element: {"method":"xpath","selector":".//*[@class='ui-sortable']/li[1]"}) (Selenium::WebDriver::Error::TimeOutError)
/Users/admin/.rbenv/versions/2.2.3/lib/ruby/gems/2.2.0/gems/selenium-webdriver-2.50.0/lib/selenium/webdriver/common/wait.rb:76:in `until'
/Users/admin/Desktop/Autommation/jobscience/lib/New_Automation/tests/test_question_sets.rb:2590:in `CreateQuestionSetWithQuestions'
/Users/admin/Desktop/Autommation/jobscience/lib/New_Automation/tests/test_question_sets.rb:1171:in `test_VerifyQuestionSetJobBoard'
/Users/admin/.rbenv/versions/2.2.3/lib/ruby/gems/2.2.0/gems/test-unit-2.5.5/lib/test/unit/testcase.rb:691:in `run_test'
/Users/admin/.rbenv/versions/2.2.3/lib/ruby/gems/2.2.0/gems/test-unit-2.5.5/lib/test/unit/testcase.rb:431:in `run'
/Users/admin/.rbenv/versions/2.2.3/lib/ruby/gems/2.2.0/gems/test-unit-2.5.5/lib/test/unit/testsuite.rb:121:in `run_test'
/Users/admin/.rbenv/versions/2.2.3/lib/ruby/gems/2.2.0/gems/test-unit-2.5.5/lib/test/unit/testsuite.rb:53:in `run'
/Users/admin/.rbenv/versions/2.2.3/lib/ruby/gems/2.2.0/gems/test-unit-2.5.5/lib/test/unit/testsuite.rb:121:in `run_test'
/Users/admin/.rbenv/versions/2.2.3/lib/ruby/gems/2.2.0/gems/test-unit-2.5.5/lib/test/unit/testsuite.rb:53:in `run'
/Users/admin/.rbenv/versions/2.2.3/lib/ruby/gems/2.2.0/gems/test-unit-2.5.5/lib/test/unit/testsuite.rb:121:in `run_test'
/Users/admin/.rbenv/versions/2.2.3/lib/ruby/gems/2.2.0/gems/test-unit-2.5.5/lib/test/unit/testsuite.rb:53:in `run'
/Users/admin/.rbenv/versions/2.2.3/lib/ruby/gems/2.2.0/gems/test-unit-2.5.5/lib/test/unit/ui/testrunnermediator.rb:65:in `run_suite'
/Users/admin/.rbenv/versions/2.2.3/lib/ruby/gems/2.2.0/gems/test-unit-2.5.5/lib/test/unit/ui/testrunnermediator.rb:44:in `block in run'
/Users/admin/.rbenv/versions/2.2.3/lib/ruby/gems/2.2.0/gems/test-unit-2.5.5/lib/test/unit/ui/testrunnermediator.rb:100:in `with_listener'
/Users/admin/.rbenv/versions/2.2.3/lib/ruby/gems/2.2.0/gems/test-unit-2.5.5/lib/test/unit/ui/testrunnermediator.rb:40:in `run'
/Users/admin/.rbenv/versions/2.2.3/lib/ruby/gems/2.2.0/gems/test-unit-2.5.5/lib/test/unit/ui/testrunner.rb:40:in `start_mediator'
/Users/admin/.rbenv/versions/2.2.3/lib/ruby/gems/2.2.0/gems/test-unit-2.5.5/lib/test/unit/ui/testrunner.rb:25:in `start'
/Users/admin/.rbenv/versions/2.2.3/lib/ruby/gems/2.2.0/gems/test-unit-2.5.5/lib/test/unit/ui/testrunnerutilities.rb:24:in `run'
/Users/admin/.rbenv/versions/2.2.3/lib/ruby/gems/2.2.0/gems/test-unit-2.5.5/lib/test/unit/autorunner.rb:409:in `block in run'
/Users/admin/.rbenv/versions/2.2.3/lib/ruby/gems/2.2.0/gems/test-unit-2.5.5/lib/test/unit/autorunner.rb:465:in `change_work_directory'
/Users/admin/.rbenv/versions/2.2.3/lib/ruby/gems/2.2.0/gems/test-unit-2.5.5/lib/test/unit/autorunner.rb:408:in `run'
/Users/admin/.rbenv/versions/2.2.3/lib/ruby/gems/2.2.0/gems/test-unit-2.5.5/lib/test/unit/autorunner.rb:59:in `run'
/Users/admin/.rbenv/versions/2.2.3/lib/ruby/gems/2.2.0/gems/test-unit-2.5.5/lib/test/unit.rb:502:in `block (2 levels) in &lt;top (required)&gt;'    </error>
  </testcase>
</testsuite>
