<?xml version="1.0" encoding="UTF-8"?>
<testsuite name="EeoQuestion" tests="9" time="604.270685" failures="0" errors="1" skipped="0" assertions="8" timestamp="2016-03-04T18:33:42-02:00">
  <testcase name="test_eeoApplyWithLinkedInEeoDisable" time="54.193641" assertions="1">
  </testcase>
  <testcase name="test_eeoApplyWithLinkedInEeoEnable" time="50.449427" assertions="1">
  </testcase>
  <testcase name="test_eeoCommitDefault" time="58.752064" assertions="1">
  </testcase>
  <testcase name="test_eeoDisclaimersOnlyCustom" time="67.99397" assertions="1">
  </testcase>
  <testcase name="test_eeoDisclaimersStandardCustom" time="70.176312" assertions="1">
  </testcase>
  <testcase name="test_eeoQuestionHandlerAlways" time="56.379738" assertions="1">
  </testcase>
  <testcase name="test_eeoQuestionHandlerOmit" time="75.672087" assertions="0">
    <error type="Selenium::WebDriver::Error::TimeOutError" message="timed out after 20 seconds (Unable to locate element: {&quot;method&quot;:&quot;xpath&quot;,&quot;selector&quot;:&quot;.//*[@value='Submit']&quot;})">
timed out after 20 seconds (Unable to locate element: {"method":"xpath","selector":".//*[@value='Submit']"}) (Selenium::WebDriver::Error::TimeOutError)
/Library/Ruby/Gems/2.0.0/gems/selenium-webdriver-2.52.0/lib/selenium/webdriver/common/wait.rb:76:in `until'
/Users/admin/jobscience/lib/New_Automation/tests/common.rb:87:in `displayed'
/Users/admin/jobscience/lib/New_Automation/tests/common.rb:269:in `block in main'
/Users/admin/jobscience/lib/New_Automation/tests/common.rb:262:in `each'
/Users/admin/jobscience/lib/New_Automation/tests/common.rb:262:in `main'
/Users/admin/jobscience/lib/New_Automation/tests/test_eeo_question.rb:229:in `rescue in test_eeoQuestionHandlerOmit'
/Users/admin/jobscience/lib/New_Automation/tests/test_eeo_question.rb:216:in `test_eeoQuestionHandlerOmit'
/Library/Ruby/Gems/2.0.0/gems/test-unit-2.5.5/lib/test/unit/testcase.rb:691:in `run_test'
/Library/Ruby/Gems/2.0.0/gems/test-unit-2.5.5/lib/test/unit/testcase.rb:431:in `run'
/Library/Ruby/Gems/2.0.0/gems/test-unit-2.5.5/lib/test/unit/testsuite.rb:121:in `run_test'
/Library/Ruby/Gems/2.0.0/gems/test-unit-2.5.5/lib/test/unit/testsuite.rb:53:in `run'
/Library/Ruby/Gems/2.0.0/gems/test-unit-2.5.5/lib/test/unit/testsuite.rb:121:in `run_test'
/Library/Ruby/Gems/2.0.0/gems/test-unit-2.5.5/lib/test/unit/testsuite.rb:53:in `run'
/Library/Ruby/Gems/2.0.0/gems/test-unit-2.5.5/lib/test/unit/testsuite.rb:121:in `run_test'
/Library/Ruby/Gems/2.0.0/gems/test-unit-2.5.5/lib/test/unit/testsuite.rb:53:in `run'
/Library/Ruby/Gems/2.0.0/gems/test-unit-2.5.5/lib/test/unit/ui/testrunnermediator.rb:65:in `run_suite'
/Library/Ruby/Gems/2.0.0/gems/test-unit-2.5.5/lib/test/unit/ui/testrunnermediator.rb:44:in `block in run'
/Library/Ruby/Gems/2.0.0/gems/test-unit-2.5.5/lib/test/unit/ui/testrunnermediator.rb:100:in `with_listener'
/Library/Ruby/Gems/2.0.0/gems/test-unit-2.5.5/lib/test/unit/ui/testrunnermediator.rb:40:in `run'
/Library/Ruby/Gems/2.0.0/gems/test-unit-2.5.5/lib/test/unit/ui/testrunner.rb:40:in `start_mediator'
/Library/Ruby/Gems/2.0.0/gems/test-unit-2.5.5/lib/test/unit/ui/testrunner.rb:25:in `start'
/Library/Ruby/Gems/2.0.0/gems/test-unit-2.5.5/lib/test/unit/ui/testrunnerutilities.rb:24:in `run'
/Library/Ruby/Gems/2.0.0/gems/test-unit-2.5.5/lib/test/unit/autorunner.rb:409:in `block in run'
/Library/Ruby/Gems/2.0.0/gems/test-unit-2.5.5/lib/test/unit/autorunner.rb:465:in `change_work_directory'
/Library/Ruby/Gems/2.0.0/gems/test-unit-2.5.5/lib/test/unit/autorunner.rb:408:in `run'
/Library/Ruby/Gems/2.0.0/gems/test-unit-2.5.5/lib/test/unit/autorunner.rb:59:in `run'
/Library/Ruby/Gems/2.0.0/gems/test-unit-2.5.5/lib/test/unit.rb:502:in `block (2 levels) in &lt;top (required)&gt;'    </error>
  </testcase>
  <testcase name="test_eeoQuestionHandlerPopulate" time="60.061614" assertions="1">
  </testcase>
  <testcase name="test_eeoQuestionHiddenQuestion" time="110.589451" assertions="1">
    <failure type="Test::Unit::Notification" message="EeoQuestion#test_eeoQuestionHiddenQuestion was redefined">
EeoQuestion#test_eeoQuestionHiddenQuestion was redefined (Test::Unit::Notification)
/Users/admin/jobscience/lib/New_Automation/tests/test_eeo_question.rb:49:in `&lt;class:EeoQuestion&gt;'
/Users/admin/jobscience/lib/New_Automation/tests/test_eeo_question.rb:23:in `&lt;top (required)&gt;'
New_Automation.rb:94:in `require'
New_Automation.rb:94:in `&lt;main&gt;'    </failure>
  </testcase>
  <system-out>

main

displayed
.//*[@value='Edit']
click
displayed
.//*[@id='CS_Edit:CS_Form:thePageBlock:thePageBlockSection:ts2__LinkedIn_Apply__c']
checked
.//*[@id='CS_Edit:CS_Form:thePageBlock:thePageBlockSection:ts2__LinkedIn_Apply__c'][@checked='checked']
click
displayed
.//*[@value='Edit']

main

displayed
.//*[@id='js-menu-login']/a
click
displayed
.//*[@style='margin-top:1em;']/tbody/tr[1]//input
set_text
set_text
click
displayed
.//*[@id='j_id0:j_id1:atsForm:atsSearchResultsTable:0:j_id82:0:j_id83']/a
click
displayed
.//*[@id='LinkedInIcon']
click

main

displayed
.//*[@id='session_key-oauthAuthorizeForm']
set_text
set_text
click

main

displayed
.//*[@value='Edit']
click
displayed
.//*[@id='CS_Edit:CS_Form:thePageBlock:thePageBlockSection:ts2__LinkedIn_Apply__c']
checked
.//*[@id='CS_Edit:CS_Form:thePageBlock:thePageBlockSection:ts2__LinkedIn_Apply__c'][@checked='checked']
click
displayed
.//*[@value='Edit']

main

displayed
.//*[@id='js-menu-login']/a
click
displayed
.//*[@style='margin-top:1em;']/tbody/tr[1]//input
set_text
set_text
click
displayed
.//*[@id='j_id0:j_id1:atsForm:atsSearchResultsTable:0:j_id82:0:j_id83']/a
click
displayed
.//*[@id='LinkedInIcon']
click

main

displayed
.//*[@id='session_key-oauthAuthorizeForm']
set_text
set_text
click

main

displayed
.//*[@id='CS_Edit:CS_Form:thePageBlock:thePageBlockSection:ts2__Commit_EEO_Default_Value__c']
checked
.//*[@id='CS_Edit:CS_Form:thePageBlock:thePageBlockSection:ts2__Commit_EEO_Default_Value__c'][@checked='checked']
click

main

displayed
.//*[@id='js-menu-login']/a
click
displayed
.//*[@style='margin-top:1em;']/tbody/tr[1]//input
set_text
set_text
click
displayed
.//*[@id='j_id0:j_id1:atsForm:atsSearchResultsTable:0:j_id82:0:j_id83']/a
click
displayed
.//*[@class='atsJobDetailsAlreadyLogin']//a
click

main

displayed
.//*[@value='Continue']

main

displayed
.//*[@value='Submit']
click

main

displayed
.//*[@id='bodyCell']/div[3]/div[1]/div/div[2]/table/tbody/tr[2]/th/a
click
displayed
.//*[@name='edit']
click
displayed
.//*[@id='cke_j_id0:frm:PageBlock:j_id212:j_id213:j_id214:textAreaDelegate_ts2__EEO_Text__c']
set_text
checked
((.//*[@class='detailList'])[9])/tbody/tr[3]/td/input[@checked='checked']
click

main

displayed
.//*[@id='js-menu-login']/a
click
displayed
.//*[@style='margin-top:1em;']/tbody/tr[1]//input
set_text
set_text
click
displayed
.//*[@id='j_id0:j_id1:atsForm:atsSearchResultsTable:0:j_id82:0:j_id83']/a
click
displayed
.//*[@class='atsJobDetailsAlreadyLogin']//a
click

main

displayed
.//*[@value='Continue']

main

displayed
.//*[@value='Submit']
click

main

displayed
.//*[@id='bodyCell']/div[3]/div[1]/div/div[2]/table/tbody/tr[2]/th/a
click
displayed
.//*[@name='edit']
click
displayed
.//*[@id='cke_j_id0:frm:PageBlock:j_id212:j_id213:j_id214:textAreaDelegate_ts2__EEO_Text__c']
set_text
unchecked
((.//*[@class='detailList'])[9])/tbody/tr[3]/td/input[not (@checked='checked')]
click

main

displayed
.//*[@id='js-menu-login']/a
click
displayed
.//*[@style='margin-top:1em;']/tbody/tr[1]//input
set_text
set_text
click
displayed
.//*[@id='j_id0:j_id1:atsForm:atsSearchResultsTable:0:j_id82:0:j_id83']/a
click
displayed
.//*[@class='atsJobDetailsAlreadyLogin']//a
click

main

displayed
.//*[@id='js-menu-login']/a
click
displayed
.//*[@style='margin-top:1em;']/tbody/tr[1]//input
set_text
set_text
click
displayed
.//*[@id='j_id0:j_id1:atsForm:atsSearchResultsTable:0:j_id82:0:j_id83']/a
click
displayed
.//*[@class='atsJobDetailsAlreadyLogin']//a
click

main

displayed
.//*[@value='Continue']

main

displayed
.//*[@value='Submit']
click

main

displayed
.//*[@id='js-menu-login']/a
click
displayed
.//*[@style='margin-top:1em;']/tbody/tr[1]//input
set_text
set_text
click
displayed
.//*[@id='j_id0:j_id1:atsForm:atsSearchResultsTable:0:j_id82:0:j_id83']/a
click
displayed
.//*[@class='atsJobDetailsAlreadyLogin']//a
click

main

displayed
.//*[@value='Continue']

main

displayed
.//*[@value='Submit']

main

displayed
.//*[@id='js-menu-login']/a
click
displayed
.//*[@style='margin-top:1em;']/tbody/tr[1]//input
set_text
set_text
click
displayed
.//*[@id='j_id0:j_id1:atsForm:atsSearchResultsTable:0:j_id82:0:j_id83']/a
click
displayed
.//*[@class='atsJobDetailsAlreadyLogin']//a
click

main

displayed
.//*[@value='Continue']

main

displayed
.//*[@value='Submit']
click

main

displayed
.//*[@id='bodyCell']/div[3]/div[1]/div/div[2]/table/tbody/tr[2]/th/a
click
displayed
.//*[@name='edit']
click
displayed
((.//*[@class='detailList'])[10])/tbody/tr[2]/td[1]/input
checked
((.//*[@class='detailList'])[10])/tbody/tr[2]/td[1]/input[@checked='checked']
Error
checked
((.//*[@class='detailList'])[10])/tbody/tr[3]/td[1]/input[@checked='checked']
Error
checked
((.//*[@class='detailList'])[10])/tbody/tr[4]/td[1]/input[@checked='checked']
Error
checked
((.//*[@class='detailList'])[10])/tbody/tr[2]/td[2]/input[@checked='checked']
Error
checked
((.//*[@class='detailList'])[10])/tbody/tr[3]/td[2]/input[@checked='checked']
Error
click
  </system-out>
</testsuite>
