<?xml version="1.0" encoding="UTF-8"?>
<testsuite name="EeoQuestion" tests="1" time="63.411769" failures="0" errors="2" skipped="0" assertions="0" timestamp="2016-03-15T16:37:57-03:00">
  <testcase name="test_eeoQuestionHandlerAlways" time="63.411486" assertions="0">
    <error type="Selenium::WebDriver::Error::NoSuchWindowError" message="Window not found. The browser window may have been closed.">
Window not found. The browser window may have been closed. (Selenium::WebDriver::Error::NoSuchWindowError)
[remote server] file:///var/folders/p7/bxr47fcd6w11mdhnt9dmj2jm0000gn/T/webdriver-profile20160315-1344-46uwi6/extensions/fxdriver@googlecode.com/components/command-processor.js:12668:in `nsCommandProcessor.prototype.execute'
[remote server] file:///var/folders/p7/bxr47fcd6w11mdhnt9dmj2jm0000gn/T/webdriver-profile20160315-1344-46uwi6/extensions/fxdriver@googlecode.com/components/driver-component.js:9511:in `Dispatcher.executeAs/&lt;'
[remote server] file:///var/folders/p7/bxr47fcd6w11mdhnt9dmj2jm0000gn/T/webdriver-profile20160315-1344-46uwi6/extensions/fxdriver@googlecode.com/components/driver-component.js:9658:in `Resource.prototype.handle'
[remote server] file:///var/folders/p7/bxr47fcd6w11mdhnt9dmj2jm0000gn/T/webdriver-profile20160315-1344-46uwi6/extensions/fxdriver@googlecode.com/components/driver-component.js:9605:in `Dispatcher.prototype.dispatch'
[remote server] file:///var/folders/p7/bxr47fcd6w11mdhnt9dmj2jm0000gn/T/webdriver-profile20160315-1344-46uwi6/extensions/fxdriver@googlecode.com/components/driver-component.js:12470:in `WebDriverServer/&lt;.handle'
[remote server] file:///var/folders/p7/bxr47fcd6w11mdhnt9dmj2jm0000gn/T/webdriver-profile20160315-1344-46uwi6/extensions/fxdriver@googlecode.com/components/httpd.js:2054:in `createHandlerFunc/&lt;'
[remote server] file:///var/folders/p7/bxr47fcd6w11mdhnt9dmj2jm0000gn/T/webdriver-profile20160315-1344-46uwi6/extensions/fxdriver@googlecode.com/components/httpd.js:2387:in `ServerHandler.prototype.handleResponse'
[remote server] file:///var/folders/p7/bxr47fcd6w11mdhnt9dmj2jm0000gn/T/webdriver-profile20160315-1344-46uwi6/extensions/fxdriver@googlecode.com/components/httpd.js:1223:in `Connection.prototype.process'
[remote server] file:///var/folders/p7/bxr47fcd6w11mdhnt9dmj2jm0000gn/T/webdriver-profile20160315-1344-46uwi6/extensions/fxdriver@googlecode.com/components/httpd.js:1677:in `RequestReader.prototype._handleResponse'
[remote server] file:///var/folders/p7/bxr47fcd6w11mdhnt9dmj2jm0000gn/T/webdriver-profile20160315-1344-46uwi6/extensions/fxdriver@googlecode.com/components/httpd.js:1525:in `RequestReader.prototype._processBody'
[remote server] file:///var/folders/p7/bxr47fcd6w11mdhnt9dmj2jm0000gn/T/webdriver-profile20160315-1344-46uwi6/extensions/fxdriver@googlecode.com/components/httpd.js:1393:in `RequestReader.prototype.onInputStreamReady'
/Library/Ruby/Gems/2.0.0/gems/selenium-webdriver-2.52.0/lib/selenium/webdriver/remote/response.rb:70:in `assert_ok'
/Library/Ruby/Gems/2.0.0/gems/selenium-webdriver-2.52.0/lib/selenium/webdriver/remote/response.rb:34:in `initialize'
/Library/Ruby/Gems/2.0.0/gems/selenium-webdriver-2.52.0/lib/selenium/webdriver/remote/http/common.rb:78:in `new'
/Library/Ruby/Gems/2.0.0/gems/selenium-webdriver-2.52.0/lib/selenium/webdriver/remote/http/common.rb:78:in `create_response'
/Library/Ruby/Gems/2.0.0/gems/selenium-webdriver-2.52.0/lib/selenium/webdriver/remote/http/default.rb:90:in `request'
/Library/Ruby/Gems/2.0.0/gems/selenium-webdriver-2.52.0/lib/selenium/webdriver/remote/http/common.rb:59:in `call'
/Library/Ruby/Gems/2.0.0/gems/selenium-webdriver-2.52.0/lib/selenium/webdriver/remote/bridge.rb:645:in `raw_execute'
/Library/Ruby/Gems/2.0.0/gems/selenium-webdriver-2.52.0/lib/selenium/webdriver/remote/bridge.rb:623:in `execute'
/Library/Ruby/Gems/2.0.0/gems/selenium-webdriver-2.52.0/lib/selenium/webdriver/remote/bridge.rb:592:in `find_element_by'
/Library/Ruby/Gems/2.0.0/gems/selenium-webdriver-2.52.0/lib/selenium/webdriver/common/search_context.rb:61:in `find_element'
/Users/admin/jobscience/lib/New_Automation/tests/common.rb:92:in `block in displayed'
/Library/Ruby/Gems/2.0.0/gems/selenium-webdriver-2.52.0/lib/selenium/webdriver/common/wait.rb:58:in `until'
/Users/admin/jobscience/lib/New_Automation/tests/common.rb:91:in `displayed'
/Users/admin/jobscience/lib/New_Automation/tests/common.rb:273:in `block in main'
/Users/admin/jobscience/lib/New_Automation/tests/common.rb:266:in `each'
/Users/admin/jobscience/lib/New_Automation/tests/common.rb:266:in `main'
/Users/admin/jobscience/lib/New_Automation/tests/test_eeo_question.rb:167:in `rescue in test_eeoQuestionHandlerAlways'
/Users/admin/jobscience/lib/New_Automation/tests/test_eeo_question.rb:154:in `test_eeoQuestionHandlerAlways'
/Library/Ruby/Gems/2.0.0/gems/test-unit-2.5.5/lib/test/unit/testcase.rb:691:in `run_test'
/Library/Ruby/Gems/2.0.0/gems/test-unit-2.5.5/lib/test/unit/testcase.rb:431:in `run'
/Library/Ruby/Gems/2.0.0/gems/test-unit-2.5.5/lib/test/unit/testsuite.rb:121:in `run_test'
/Library/Ruby/Gems/2.0.0/gems/test-unit-2.5.5/lib/test/unit/testsuite.rb:53:in `run'
/Library/Ruby/Gems/2.0.0/gems/test-unit-2.5.5/lib/test/unit/testsuite.rb:121:in `run_test'
/Library/Ruby/Gems/2.0.0/gems/test-unit-2.5.5/lib/test/unit/testsuite.rb:53:in `run'
/Library/Ruby/Gems/2.0.0/gems/test-unit-2.5.5/lib/test/unit/testsuite.rb:121:in `run_test'
/Library/Ruby/Gems/2.0.0/gems/test-unit-2.5.5/lib/test/unit/testsuite.rb:53:in `run'
/Library/Ruby/Gems/2.0.0/gems/test-unit-2.5.5/lib/test/unit/ui/testrunnermediator.rb:65:in `run_suite'
/Library/Ruby/Gems/2.0.0/gems/test-unit-2.5.5/lib/test/unit/ui/testrunnermediator.rb:44:in `block in run'
/Library/Ruby/Gems/2.0.0/gems/test-unit-2.5.5/lib/test/unit/ui/testrunnermediator.rb:100:in `with_listener'
/Library/Ruby/Gems/2.0.0/gems/test-unit-2.5.5/lib/test/unit/ui/testrunnermediator.rb:40:in `run'
/Library/Ruby/Gems/2.0.0/gems/test-unit-2.5.5/lib/test/unit/ui/testrunner.rb:40:in `start_mediator'
/Library/Ruby/Gems/2.0.0/gems/test-unit-2.5.5/lib/test/unit/ui/testrunner.rb:25:in `start'
/Library/Ruby/Gems/2.0.0/gems/test-unit-2.5.5/lib/test/unit/ui/testrunnerutilities.rb:24:in `run'
/Library/Ruby/Gems/2.0.0/gems/test-unit-2.5.5/lib/test/unit/autorunner.rb:409:in `block in run'
/Library/Ruby/Gems/2.0.0/gems/test-unit-2.5.5/lib/test/unit/autorunner.rb:465:in `change_work_directory'
/Library/Ruby/Gems/2.0.0/gems/test-unit-2.5.5/lib/test/unit/autorunner.rb:408:in `run'
/Library/Ruby/Gems/2.0.0/gems/test-unit-2.5.5/lib/test/unit/autorunner.rb:59:in `run'
/Library/Ruby/Gems/2.0.0/gems/test-unit-2.5.5/lib/test/unit.rb:502:in `block (2 levels) in &lt;top (required)&gt;'    </error>
    <error type="Selenium::WebDriver::Error::NoSuchWindowError" message="Window not found. The browser window may have been closed.">
Window not found. The browser window may have been closed. (Selenium::WebDriver::Error::NoSuchWindowError)
[remote server] file:///var/folders/p7/bxr47fcd6w11mdhnt9dmj2jm0000gn/T/webdriver-profile20160315-1344-46uwi6/extensions/fxdriver@googlecode.com/components/command-processor.js:12668:in `nsCommandProcessor.prototype.execute'
[remote server] file:///var/folders/p7/bxr47fcd6w11mdhnt9dmj2jm0000gn/T/webdriver-profile20160315-1344-46uwi6/extensions/fxdriver@googlecode.com/components/driver-component.js:9511:in `Dispatcher.executeAs/&lt;'
[remote server] file:///var/folders/p7/bxr47fcd6w11mdhnt9dmj2jm0000gn/T/webdriver-profile20160315-1344-46uwi6/extensions/fxdriver@googlecode.com/components/driver-component.js:9658:in `Resource.prototype.handle'
[remote server] file:///var/folders/p7/bxr47fcd6w11mdhnt9dmj2jm0000gn/T/webdriver-profile20160315-1344-46uwi6/extensions/fxdriver@googlecode.com/components/driver-component.js:9605:in `Dispatcher.prototype.dispatch'
[remote server] file:///var/folders/p7/bxr47fcd6w11mdhnt9dmj2jm0000gn/T/webdriver-profile20160315-1344-46uwi6/extensions/fxdriver@googlecode.com/components/driver-component.js:12470:in `WebDriverServer/&lt;.handle'
[remote server] file:///var/folders/p7/bxr47fcd6w11mdhnt9dmj2jm0000gn/T/webdriver-profile20160315-1344-46uwi6/extensions/fxdriver@googlecode.com/components/httpd.js:2054:in `createHandlerFunc/&lt;'
[remote server] file:///var/folders/p7/bxr47fcd6w11mdhnt9dmj2jm0000gn/T/webdriver-profile20160315-1344-46uwi6/extensions/fxdriver@googlecode.com/components/httpd.js:2387:in `ServerHandler.prototype.handleResponse'
[remote server] file:///var/folders/p7/bxr47fcd6w11mdhnt9dmj2jm0000gn/T/webdriver-profile20160315-1344-46uwi6/extensions/fxdriver@googlecode.com/components/httpd.js:1223:in `Connection.prototype.process'
[remote server] file:///var/folders/p7/bxr47fcd6w11mdhnt9dmj2jm0000gn/T/webdriver-profile20160315-1344-46uwi6/extensions/fxdriver@googlecode.com/components/httpd.js:1677:in `RequestReader.prototype._handleResponse'
[remote server] file:///var/folders/p7/bxr47fcd6w11mdhnt9dmj2jm0000gn/T/webdriver-profile20160315-1344-46uwi6/extensions/fxdriver@googlecode.com/components/httpd.js:1525:in `RequestReader.prototype._processBody'
[remote server] file:///var/folders/p7/bxr47fcd6w11mdhnt9dmj2jm0000gn/T/webdriver-profile20160315-1344-46uwi6/extensions/fxdriver@googlecode.com/components/httpd.js:1393:in `RequestReader.prototype.onInputStreamReady'
/Library/Ruby/Gems/2.0.0/gems/selenium-webdriver-2.52.0/lib/selenium/webdriver/remote/response.rb:70:in `assert_ok'
/Library/Ruby/Gems/2.0.0/gems/selenium-webdriver-2.52.0/lib/selenium/webdriver/remote/response.rb:34:in `initialize'
/Library/Ruby/Gems/2.0.0/gems/selenium-webdriver-2.52.0/lib/selenium/webdriver/remote/http/common.rb:78:in `new'
/Library/Ruby/Gems/2.0.0/gems/selenium-webdriver-2.52.0/lib/selenium/webdriver/remote/http/common.rb:78:in `create_response'
/Library/Ruby/Gems/2.0.0/gems/selenium-webdriver-2.52.0/lib/selenium/webdriver/remote/http/default.rb:90:in `request'
/Library/Ruby/Gems/2.0.0/gems/selenium-webdriver-2.52.0/lib/selenium/webdriver/remote/http/common.rb:59:in `call'
/Library/Ruby/Gems/2.0.0/gems/selenium-webdriver-2.52.0/lib/selenium/webdriver/remote/bridge.rb:645:in `raw_execute'
/Library/Ruby/Gems/2.0.0/gems/selenium-webdriver-2.52.0/lib/selenium/webdriver/remote/bridge.rb:623:in `execute'
/Library/Ruby/Gems/2.0.0/gems/selenium-webdriver-2.52.0/lib/selenium/webdriver/remote/bridge.rb:222:in `close'
/Library/Ruby/Gems/2.0.0/gems/selenium-webdriver-2.52.0/lib/selenium/webdriver/common/driver.rb:183:in `close'
/Users/admin/jobscience/lib/New_Automation/tests/test_basic.rb:33:in `teardown'
/Library/Ruby/Gems/2.0.0/gems/test-unit-2.5.5/lib/test/unit/fixture.rb:202:in `block in run_fixture_callback'
/Library/Ruby/Gems/2.0.0/gems/test-unit-2.5.5/lib/test/unit/fixture.rb:207:in `call'
/Library/Ruby/Gems/2.0.0/gems/test-unit-2.5.5/lib/test/unit/fixture.rb:207:in `run_fixture_callback'
/Library/Ruby/Gems/2.0.0/gems/test-unit-2.5.5/lib/test/unit/fixture.rb:190:in `block in run_fixture'
/Library/Ruby/Gems/2.0.0/gems/test-unit-2.5.5/lib/test/unit/fixture.rb:189:in `each'
/Library/Ruby/Gems/2.0.0/gems/test-unit-2.5.5/lib/test/unit/fixture.rb:189:in `run_fixture'
/Library/Ruby/Gems/2.0.0/gems/test-unit-2.5.5/lib/test/unit/fixture.rb:223:in `run_teardown'
/Library/Ruby/Gems/2.0.0/gems/test-unit-2.5.5/lib/test/unit/testcase.rb:439:in `run'
/Library/Ruby/Gems/2.0.0/gems/test-unit-2.5.5/lib/test/unit/testsuite.rb:121:in `run_test'
/Library/Ruby/Gems/2.0.0/gems/test-unit-2.5.5/lib/test/unit/testsuite.rb:53:in `run'
/Library/Ruby/Gems/2.0.0/gems/test-unit-2.5.5/lib/test/unit/testsuite.rb:121:in `run_test'
/Library/Ruby/Gems/2.0.0/gems/test-unit-2.5.5/lib/test/unit/testsuite.rb:53:in `run'
/Library/Ruby/Gems/2.0.0/gems/test-unit-2.5.5/lib/test/unit/testsuite.rb:121:in `run_test'
/Library/Ruby/Gems/2.0.0/gems/test-unit-2.5.5/lib/test/unit/testsuite.rb:53:in `run'
/Library/Ruby/Gems/2.0.0/gems/test-unit-2.5.5/lib/test/unit/ui/testrunnermediator.rb:65:in `run_suite'
/Library/Ruby/Gems/2.0.0/gems/test-unit-2.5.5/lib/test/unit/ui/testrunnermediator.rb:44:in `block in run'
/Library/Ruby/Gems/2.0.0/gems/test-unit-2.5.5/lib/test/unit/ui/testrunnermediator.rb:100:in `with_listener'
/Library/Ruby/Gems/2.0.0/gems/test-unit-2.5.5/lib/test/unit/ui/testrunnermediator.rb:40:in `run'
/Library/Ruby/Gems/2.0.0/gems/test-unit-2.5.5/lib/test/unit/ui/testrunner.rb:40:in `start_mediator'
/Library/Ruby/Gems/2.0.0/gems/test-unit-2.5.5/lib/test/unit/ui/testrunner.rb:25:in `start'
/Library/Ruby/Gems/2.0.0/gems/test-unit-2.5.5/lib/test/unit/ui/testrunnerutilities.rb:24:in `run'
/Library/Ruby/Gems/2.0.0/gems/test-unit-2.5.5/lib/test/unit/autorunner.rb:409:in `block in run'
/Library/Ruby/Gems/2.0.0/gems/test-unit-2.5.5/lib/test/unit/autorunner.rb:465:in `change_work_directory'
/Library/Ruby/Gems/2.0.0/gems/test-unit-2.5.5/lib/test/unit/autorunner.rb:408:in `run'
/Library/Ruby/Gems/2.0.0/gems/test-unit-2.5.5/lib/test/unit/autorunner.rb:59:in `run'
/Library/Ruby/Gems/2.0.0/gems/test-unit-2.5.5/lib/test/unit.rb:502:in `block (2 levels) in &lt;top (required)&gt;'    </error>
  </testcase>
  <system-out>

main

displayed
click
displayed
click_and_load
displayed
click_and_load
displayed
click

main

displayed
click_and_load

main

displayed
click_and_load
displayed
set_text
displayed
set_text
click_and_load
displayed
click
displayed
click_and_load
displayed
click_and_load

main

displayed
click_and_load
displayed

main

displayed
  </system-out>
</testsuite>
