<?xml version="1.0" encoding="UTF-8"?>
<testsuite name="TestStandardQuestions" tests="6" time="135.426468" failures="0" errors="2" skipped="0" assertions="5" timestamp="2016-03-03T16:24:25-02:00">
  <testcase name="test_FieldValidationQuestionAplicantFalse" time="26.52379" assertions="1">
  </testcase>
  <testcase name="test_FieldValidationQuestionAplicantTrue" time="26.428135" assertions="1">
  </testcase>
  <testcase name="test_NewStandaQuestionRequiredFalse" time="25.136548" assertions="2">
  </testcase>
  <testcase name="test_StandardQuestionHandlerAlways" time="29.019685" assertions="1">
  </testcase>
  <testcase name="test_StandardQuestionHandlerOmit" time="23.963052" assertions="0">
    <error type="Selenium::WebDriver::Error::NoSuchElementError" message="Unable to locate element: {&quot;method&quot;:&quot;xpath&quot;,&quot;selector&quot;:&quot;.//*[@id='j_id0:j_id1:atsForm:candidateSource']&quot;}">
Unable to locate element: {"method":"xpath","selector":".//*[@id='j_id0:j_id1:atsForm:candidateSource']"} (Selenium::WebDriver::Error::NoSuchElementError)
[remote server] file:///var/folders/p7/bxr47fcd6w11mdhnt9dmj2jm0000gn/T/webdriver-profile20160303-1034-1jyie07/extensions/fxdriver@googlecode.com/components/driver-component.js:10723:in `FirefoxDriver.prototype.findElementInternal_'
[remote server] file:///var/folders/p7/bxr47fcd6w11mdhnt9dmj2jm0000gn/T/webdriver-profile20160303-1034-1jyie07/extensions/fxdriver@googlecode.com/components/driver-component.js:10732:in `FirefoxDriver.prototype.findElement'
[remote server] file:///var/folders/p7/bxr47fcd6w11mdhnt9dmj2jm0000gn/T/webdriver-profile20160303-1034-1jyie07/extensions/fxdriver@googlecode.com/components/command-processor.js:12614:in `DelayedCommand.prototype.executeInternal_/h'
[remote server] file:///var/folders/p7/bxr47fcd6w11mdhnt9dmj2jm0000gn/T/webdriver-profile20160303-1034-1jyie07/extensions/fxdriver@googlecode.com/components/command-processor.js:12619:in `DelayedCommand.prototype.executeInternal_'
[remote server] file:///var/folders/p7/bxr47fcd6w11mdhnt9dmj2jm0000gn/T/webdriver-profile20160303-1034-1jyie07/extensions/fxdriver@googlecode.com/components/command-processor.js:12561:in `DelayedCommand.prototype.execute/&lt;'
/Library/Ruby/Gems/2.0.0/gems/selenium-webdriver-2.52.0/lib/selenium/webdriver/remote/response.rb:70:in `assert_ok'
/Library/Ruby/Gems/2.0.0/gems/selenium-webdriver-2.52.0/lib/selenium/webdriver/remote/response.rb:34:in `initialize'
/Library/Ruby/Gems/2.0.0/gems/selenium-webdriver-2.52.0/lib/selenium/webdriver/remote/http/common.rb:78:in `new'
/Library/Ruby/Gems/2.0.0/gems/selenium-webdriver-2.52.0/lib/selenium/webdriver/remote/http/common.rb:78:in `create_response'
/Library/Ruby/Gems/2.0.0/gems/selenium-webdriver-2.52.0/lib/selenium/webdriver/remote/http/default.rb:90:in `request'
/Library/Ruby/Gems/2.0.0/gems/selenium-webdriver-2.52.0/lib/selenium/webdriver/remote/http/common.rb:59:in `call'
/Library/Ruby/Gems/2.0.0/gems/selenium-webdriver-2.52.0/lib/selenium/webdriver/remote/bridge.rb:645:in `raw_execute'
/Library/Ruby/Gems/2.0.0/gems/selenium-webdriver-2.52.0/lib/selenium/webdriver/remote/bridge.rb:623:in `execute'
/Library/Ruby/Gems/2.0.0/gems/selenium-webdriver-2.52.0/lib/selenium/webdriver/remote/bridge.rb:592:in `find_element_by'
/Library/Ruby/Gems/2.0.0/gems/selenium-webdriver-2.52.0/lib/selenium/webdriver/common/search_context.rb:61:in `find_element'
/Users/admin/jobscience/lib/New_Automation/tests/test_standard_questions.rb:348:in `test_StandardQuestionHandlerOmit'
/Library/Ruby/Gems/2.0.0/gems/test-unit-2.5.5/lib/test/unit/testcase.rb:691:in `run_test'
/Library/Ruby/Gems/2.0.0/gems/test-unit-2.5.5/lib/test/unit/testcase.rb:431:in `run'
/Library/Ruby/Gems/2.0.0/gems/test-unit-2.5.5/lib/test/unit/testsuite.rb:121:in `run_test'
/Library/Ruby/Gems/2.0.0/gems/test-unit-2.5.5/lib/test/unit/testsuite.rb:53:in `run'
/Library/Ruby/Gems/2.0.0/gems/test-unit-2.5.5/lib/test/unit/testsuite.rb:121:in `run_test'
/Library/Ruby/Gems/2.0.0/gems/test-unit-2.5.5/lib/test/unit/testsuite.rb:53:in `run'
/Library/Ruby/Gems/2.0.0/gems/test-unit-2.5.5/lib/test/unit/testsuite.rb:121:in `run_test'
/Library/Ruby/Gems/2.0.0/gems/test-unit-2.5.5/lib/test/unit/testsuite.rb:53:in `run'
/Library/Ruby/Gems/2.0.0/gems/test-unit-2.5.5/lib/test/unit/ui/testrunnermediator.rb:65:in `run_suite'
/Library/Ruby/Gems/2.0.0/gems/test-unit-2.5.5/lib/test/unit/ui/testrunnermediator.rb:44:in `block in run'
/Library/Ruby/Gems/2.0.0/gems/test-unit-2.5.5/lib/test/unit/ui/testrunnermediator.rb:100:in `with_listener'
/Library/Ruby/Gems/2.0.0/gems/test-unit-2.5.5/lib/test/unit/ui/testrunnermediator.rb:40:in `run'
/Library/Ruby/Gems/2.0.0/gems/test-unit-2.5.5/lib/test/unit/ui/testrunner.rb:40:in `start_mediator'
/Library/Ruby/Gems/2.0.0/gems/test-unit-2.5.5/lib/test/unit/ui/testrunner.rb:25:in `start'
/Library/Ruby/Gems/2.0.0/gems/test-unit-2.5.5/lib/test/unit/ui/testrunnerutilities.rb:24:in `run'
/Library/Ruby/Gems/2.0.0/gems/test-unit-2.5.5/lib/test/unit/autorunner.rb:409:in `block in run'
/Library/Ruby/Gems/2.0.0/gems/test-unit-2.5.5/lib/test/unit/autorunner.rb:465:in `change_work_directory'
/Library/Ruby/Gems/2.0.0/gems/test-unit-2.5.5/lib/test/unit/autorunner.rb:408:in `run'
/Library/Ruby/Gems/2.0.0/gems/test-unit-2.5.5/lib/test/unit/autorunner.rb:59:in `run'
/Library/Ruby/Gems/2.0.0/gems/test-unit-2.5.5/lib/test/unit.rb:502:in `block (2 levels) in &lt;top (required)&gt;'    </error>
  </testcase>
  <testcase name="test_StandardQuestionHandlerPopulate">
    <error type="Errno::ECONNREFUSED" message="Connection refused - connect(2)">
Connection refused - connect(2) (Errno::ECONNREFUSED)
/System/Library/Frameworks/Ruby.framework/Versions/2.0/usr/lib/ruby/2.0.0/net/http.rb:878:in `initialize'
/System/Library/Frameworks/Ruby.framework/Versions/2.0/usr/lib/ruby/2.0.0/net/http.rb:878:in `open'
/System/Library/Frameworks/Ruby.framework/Versions/2.0/usr/lib/ruby/2.0.0/net/http.rb:878:in `block in connect'
/System/Library/Frameworks/Ruby.framework/Versions/2.0/usr/lib/ruby/2.0.0/timeout.rb:66:in `timeout'
/System/Library/Frameworks/Ruby.framework/Versions/2.0/usr/lib/ruby/2.0.0/net/http.rb:877:in `connect'
/System/Library/Frameworks/Ruby.framework/Versions/2.0/usr/lib/ruby/2.0.0/net/http.rb:1445:in `begin_transport'
/System/Library/Frameworks/Ruby.framework/Versions/2.0/usr/lib/ruby/2.0.0/net/http.rb:1402:in `transport_request'
/System/Library/Frameworks/Ruby.framework/Versions/2.0/usr/lib/ruby/2.0.0/net/http.rb:1376:in `request'
/System/Library/Frameworks/Ruby.framework/Versions/2.0/usr/lib/ruby/2.0.0/net/http.rb:1369:in `block in request'
/System/Library/Frameworks/Ruby.framework/Versions/2.0/usr/lib/ruby/2.0.0/net/http.rb:852:in `start'
/System/Library/Frameworks/Ruby.framework/Versions/2.0/usr/lib/ruby/2.0.0/net/http.rb:1367:in `request'
/Library/Ruby/Gems/2.0.0/gems/selenium-webdriver-2.52.0/lib/selenium/webdriver/remote/http/default.rb:107:in `response_for'
/Library/Ruby/Gems/2.0.0/gems/selenium-webdriver-2.52.0/lib/selenium/webdriver/remote/http/default.rb:58:in `request'
/Library/Ruby/Gems/2.0.0/gems/selenium-webdriver-2.52.0/lib/selenium/webdriver/remote/http/common.rb:59:in `call'
/Library/Ruby/Gems/2.0.0/gems/selenium-webdriver-2.52.0/lib/selenium/webdriver/remote/bridge.rb:645:in `raw_execute'
/Library/Ruby/Gems/2.0.0/gems/selenium-webdriver-2.52.0/lib/selenium/webdriver/remote/bridge.rb:623:in `execute'
/Library/Ruby/Gems/2.0.0/gems/selenium-webdriver-2.52.0/lib/selenium/webdriver/remote/bridge.rb:222:in `close'
/Library/Ruby/Gems/2.0.0/gems/selenium-webdriver-2.52.0/lib/selenium/webdriver/common/driver.rb:183:in `close'
/Users/admin/jobscience/lib/New_Automation/tests/test_basic.rb:33:in `teardown'
/Library/Ruby/Gems/2.0.0/gems/test-unit-2.5.5/lib/test/unit/fixture.rb:202:in `block in run_fixture_callback'
/Library/Ruby/Gems/2.0.0/gems/test-unit-2.5.5/lib/test/unit/fixture.rb:207:in `call'
/Library/Ruby/Gems/2.0.0/gems/test-unit-2.5.5/lib/test/unit/fixture.rb:207:in `run_fixture_callback'
/Library/Ruby/Gems/2.0.0/gems/test-unit-2.5.5/lib/test/unit/fixture.rb:190:in `block in run_fixture'
/Library/Ruby/Gems/2.0.0/gems/test-unit-2.5.5/lib/test/unit/fixture.rb:189:in `each'
/Library/Ruby/Gems/2.0.0/gems/test-unit-2.5.5/lib/test/unit/fixture.rb:189:in `run_fixture'
/Library/Ruby/Gems/2.0.0/gems/test-unit-2.5.5/lib/test/unit/fixture.rb:223:in `run_teardown'
/Library/Ruby/Gems/2.0.0/gems/test-unit-2.5.5/lib/test/unit/testcase.rb:439:in `ensure in run'
/Library/Ruby/Gems/2.0.0/gems/test-unit-2.5.5/lib/test/unit/testcase.rb:438:in `run'
/Library/Ruby/Gems/2.0.0/gems/test-unit-2.5.5/lib/test/unit/testsuite.rb:121:in `run_test'
/Library/Ruby/Gems/2.0.0/gems/test-unit-2.5.5/lib/test/unit/testsuite.rb:53:in `run'
/Library/Ruby/Gems/2.0.0/gems/test-unit-2.5.5/lib/test/unit/testsuite.rb:121:in `run_test'
/Library/Ruby/Gems/2.0.0/gems/test-unit-2.5.5/lib/test/unit/testsuite.rb:53:in `run'
/Library/Ruby/Gems/2.0.0/gems/test-unit-2.5.5/lib/test/unit/testsuite.rb:121:in `run_test'
/Library/Ruby/Gems/2.0.0/gems/test-unit-2.5.5/lib/test/unit/testsuite.rb:53:in `run'
/Library/Ruby/Gems/2.0.0/gems/test-unit-2.5.5/lib/test/unit/ui/testrunnermediator.rb:65:in `run_suite'
/Library/Ruby/Gems/2.0.0/gems/test-unit-2.5.5/lib/test/unit/ui/testrunnermediator.rb:44:in `block in run'
/Library/Ruby/Gems/2.0.0/gems/test-unit-2.5.5/lib/test/unit/ui/testrunnermediator.rb:100:in `with_listener'
/Library/Ruby/Gems/2.0.0/gems/test-unit-2.5.5/lib/test/unit/ui/testrunnermediator.rb:40:in `run'
/Library/Ruby/Gems/2.0.0/gems/test-unit-2.5.5/lib/test/unit/ui/testrunner.rb:40:in `start_mediator'
/Library/Ruby/Gems/2.0.0/gems/test-unit-2.5.5/lib/test/unit/ui/testrunner.rb:25:in `start'
/Library/Ruby/Gems/2.0.0/gems/test-unit-2.5.5/lib/test/unit/ui/testrunnerutilities.rb:24:in `run'
/Library/Ruby/Gems/2.0.0/gems/test-unit-2.5.5/lib/test/unit/autorunner.rb:409:in `block in run'
/Library/Ruby/Gems/2.0.0/gems/test-unit-2.5.5/lib/test/unit/autorunner.rb:465:in `change_work_directory'
/Library/Ruby/Gems/2.0.0/gems/test-unit-2.5.5/lib/test/unit/autorunner.rb:408:in `run'
/Library/Ruby/Gems/2.0.0/gems/test-unit-2.5.5/lib/test/unit/autorunner.rb:59:in `run'
/Library/Ruby/Gems/2.0.0/gems/test-unit-2.5.5/lib/test/unit.rb:502:in `block (2 levels) in &lt;top (required)&gt;'    </error>
  </testcase>
</testsuite>
