<?xml version="1.0" encoding="UTF-8"?>
<testsuite name="TestActions" tests="9" time="817.311529" failures="0" errors="4" skipped="0" assertions="16" timestamp="2016-03-07T11:19:15-03:00">
  <testcase name="test_SearchEducationAddToExistingList" time="97.935067" assertions="3">
  </testcase>
  <testcase name="test_SearchEducationAddToNewList" time="84.970463" assertions="3">
  </testcase>
  <testcase name="test_SearchEducationlApplyToJob" time="109.053778" assertions="2">
  </testcase>
  <testcase name="test_SearchEmploymentAddToExistingList" time="83.399082" assertions="0">
    <error type="Selenium::WebDriver::Error::NoSuchElementError" message="Unable to locate element: {&quot;method&quot;:&quot;xpath&quot;,&quot;selector&quot;:&quot;.//*[@class='list']//*[text()[contains(.,'a70d6837')]]/../..//input&quot;}">
Unable to locate element: {"method":"xpath","selector":".//*[@class='list']//*[text()[contains(.,'a70d6837')]]/../..//input"} (Selenium::WebDriver::Error::NoSuchElementError)
[remote server] file:///var/folders/ml/2cj5zyh53ys2qn9_nwv386q00000gn/T/webdriver-profile20160307-1748-133ybe/extensions/fxdriver@googlecode.com/components/driver-component.js:10719:in `FirefoxDriver.prototype.findElementInternal_'
[remote server] file:///var/folders/ml/2cj5zyh53ys2qn9_nwv386q00000gn/T/webdriver-profile20160307-1748-133ybe/extensions/fxdriver@googlecode.com/components/driver-component.js:10728:in `FirefoxDriver.prototype.findElement'
[remote server] file:///var/folders/ml/2cj5zyh53ys2qn9_nwv386q00000gn/T/webdriver-profile20160307-1748-133ybe/extensions/fxdriver@googlecode.com/components/command-processor.js:12595:in `DelayedCommand.prototype.executeInternal_/h'
[remote server] file:///var/folders/ml/2cj5zyh53ys2qn9_nwv386q00000gn/T/webdriver-profile20160307-1748-133ybe/extensions/fxdriver@googlecode.com/components/command-processor.js:12600:in `DelayedCommand.prototype.executeInternal_'
[remote server] file:///var/folders/ml/2cj5zyh53ys2qn9_nwv386q00000gn/T/webdriver-profile20160307-1748-133ybe/extensions/fxdriver@googlecode.com/components/command-processor.js:12542:in `DelayedCommand.prototype.execute/&lt;'
/Users/admin/.rbenv/versions/2.2.3/lib/ruby/gems/2.2.0/gems/selenium-webdriver-2.50.0/lib/selenium/webdriver/remote/response.rb:70:in `assert_ok'
/Users/admin/.rbenv/versions/2.2.3/lib/ruby/gems/2.2.0/gems/selenium-webdriver-2.50.0/lib/selenium/webdriver/remote/response.rb:34:in `initialize'
/Users/admin/.rbenv/versions/2.2.3/lib/ruby/gems/2.2.0/gems/selenium-webdriver-2.50.0/lib/selenium/webdriver/remote/http/common.rb:78:in `new'
/Users/admin/.rbenv/versions/2.2.3/lib/ruby/gems/2.2.0/gems/selenium-webdriver-2.50.0/lib/selenium/webdriver/remote/http/common.rb:78:in `create_response'
/Users/admin/.rbenv/versions/2.2.3/lib/ruby/gems/2.2.0/gems/selenium-webdriver-2.50.0/lib/selenium/webdriver/remote/http/default.rb:90:in `request'
/Users/admin/.rbenv/versions/2.2.3/lib/ruby/gems/2.2.0/gems/selenium-webdriver-2.50.0/lib/selenium/webdriver/remote/http/common.rb:59:in `call'
/Users/admin/.rbenv/versions/2.2.3/lib/ruby/gems/2.2.0/gems/selenium-webdriver-2.50.0/lib/selenium/webdriver/remote/bridge.rb:645:in `raw_execute'
/Users/admin/.rbenv/versions/2.2.3/lib/ruby/gems/2.2.0/gems/selenium-webdriver-2.50.0/lib/selenium/webdriver/remote/bridge.rb:623:in `execute'
/Users/admin/.rbenv/versions/2.2.3/lib/ruby/gems/2.2.0/gems/selenium-webdriver-2.50.0/lib/selenium/webdriver/remote/bridge.rb:592:in `find_element_by'
/Users/admin/.rbenv/versions/2.2.3/lib/ruby/gems/2.2.0/gems/selenium-webdriver-2.50.0/lib/selenium/webdriver/common/search_context.rb:61:in `find_element'
/Users/admin/Desktop/Autommation/jobscience/lib/New_Automation/tests/test_candidates_actions.rb:553:in `test_SearchEmploymentAddToExistingList'
/Users/admin/.rbenv/versions/2.2.3/lib/ruby/gems/2.2.0/gems/test-unit-2.5.5/lib/test/unit/testcase.rb:691:in `run_test'
/Users/admin/.rbenv/versions/2.2.3/lib/ruby/gems/2.2.0/gems/test-unit-2.5.5/lib/test/unit/testcase.rb:431:in `run'
/Users/admin/.rbenv/versions/2.2.3/lib/ruby/gems/2.2.0/gems/test-unit-2.5.5/lib/test/unit/testsuite.rb:121:in `run_test'
/Users/admin/.rbenv/versions/2.2.3/lib/ruby/gems/2.2.0/gems/test-unit-2.5.5/lib/test/unit/testsuite.rb:53:in `run'
/Users/admin/.rbenv/versions/2.2.3/lib/ruby/gems/2.2.0/gems/test-unit-2.5.5/lib/test/unit/testsuite.rb:121:in `run_test'
/Users/admin/.rbenv/versions/2.2.3/lib/ruby/gems/2.2.0/gems/test-unit-2.5.5/lib/test/unit/testsuite.rb:53:in `run'
/Users/admin/.rbenv/versions/2.2.3/lib/ruby/gems/2.2.0/gems/test-unit-2.5.5/lib/test/unit/testsuite.rb:121:in `run_test'
/Users/admin/.rbenv/versions/2.2.3/lib/ruby/gems/2.2.0/gems/test-unit-2.5.5/lib/test/unit/testsuite.rb:53:in `run'
/Users/admin/.rbenv/versions/2.2.3/lib/ruby/gems/2.2.0/gems/test-unit-2.5.5/lib/test/unit/ui/testrunnermediator.rb:65:in `run_suite'
/Users/admin/.rbenv/versions/2.2.3/lib/ruby/gems/2.2.0/gems/test-unit-2.5.5/lib/test/unit/ui/testrunnermediator.rb:44:in `block in run'
/Users/admin/.rbenv/versions/2.2.3/lib/ruby/gems/2.2.0/gems/test-unit-2.5.5/lib/test/unit/ui/testrunnermediator.rb:100:in `with_listener'
/Users/admin/.rbenv/versions/2.2.3/lib/ruby/gems/2.2.0/gems/test-unit-2.5.5/lib/test/unit/ui/testrunnermediator.rb:40:in `run'
/Users/admin/.rbenv/versions/2.2.3/lib/ruby/gems/2.2.0/gems/test-unit-2.5.5/lib/test/unit/ui/testrunner.rb:40:in `start_mediator'
/Users/admin/.rbenv/versions/2.2.3/lib/ruby/gems/2.2.0/gems/test-unit-2.5.5/lib/test/unit/ui/testrunner.rb:25:in `start'
/Users/admin/.rbenv/versions/2.2.3/lib/ruby/gems/2.2.0/gems/test-unit-2.5.5/lib/test/unit/ui/testrunnerutilities.rb:24:in `run'
/Users/admin/.rbenv/versions/2.2.3/lib/ruby/gems/2.2.0/gems/test-unit-2.5.5/lib/test/unit/autorunner.rb:409:in `block in run'
/Users/admin/.rbenv/versions/2.2.3/lib/ruby/gems/2.2.0/gems/test-unit-2.5.5/lib/test/unit/autorunner.rb:465:in `change_work_directory'
/Users/admin/.rbenv/versions/2.2.3/lib/ruby/gems/2.2.0/gems/test-unit-2.5.5/lib/test/unit/autorunner.rb:408:in `run'
/Users/admin/.rbenv/versions/2.2.3/lib/ruby/gems/2.2.0/gems/test-unit-2.5.5/lib/test/unit/autorunner.rb:59:in `run'
/Users/admin/.rbenv/versions/2.2.3/lib/ruby/gems/2.2.0/gems/test-unit-2.5.5/lib/test/unit.rb:502:in `block (2 levels) in &lt;top (required)&gt;'    </error>
  </testcase>
  <testcase name="test_SearchEmploymentAddToNewList" time="72.758146" assertions="0">
    <error type="Selenium::WebDriver::Error::StaleElementReferenceError" message="Element is no longer attached to the DOM">
Element is no longer attached to the DOM (Selenium::WebDriver::Error::StaleElementReferenceError)
[remote server] resource://fxdriver/modules/web-element-cache.js:9406:in `fxdriver.cache.getElementAt'
[remote server] file:///var/folders/ml/2cj5zyh53ys2qn9_nwv386q00000gn/T/webdriver-profile20160307-1748-1mf6sta/extensions/fxdriver@googlecode.com/components/command-processor.js:8992:in `Utils.getElementAt'
[remote server] file:///var/folders/ml/2cj5zyh53ys2qn9_nwv386q00000gn/T/webdriver-profile20160307-1748-1mf6sta/extensions/fxdriver@googlecode.com/components/command-processor.js:12123:in `WebElement.isElementDisplayed'
[remote server] file:///var/folders/ml/2cj5zyh53ys2qn9_nwv386q00000gn/T/webdriver-profile20160307-1748-1mf6sta/extensions/fxdriver@googlecode.com/components/command-processor.js:12595:in `DelayedCommand.prototype.executeInternal_/h'
[remote server] file:///var/folders/ml/2cj5zyh53ys2qn9_nwv386q00000gn/T/webdriver-profile20160307-1748-1mf6sta/extensions/fxdriver@googlecode.com/components/command-processor.js:12600:in `DelayedCommand.prototype.executeInternal_'
[remote server] file:///var/folders/ml/2cj5zyh53ys2qn9_nwv386q00000gn/T/webdriver-profile20160307-1748-1mf6sta/extensions/fxdriver@googlecode.com/components/command-processor.js:12542:in `DelayedCommand.prototype.execute/&lt;'
/Users/admin/.rbenv/versions/2.2.3/lib/ruby/gems/2.2.0/gems/selenium-webdriver-2.50.0/lib/selenium/webdriver/remote/response.rb:70:in `assert_ok'
/Users/admin/.rbenv/versions/2.2.3/lib/ruby/gems/2.2.0/gems/selenium-webdriver-2.50.0/lib/selenium/webdriver/remote/response.rb:34:in `initialize'
/Users/admin/.rbenv/versions/2.2.3/lib/ruby/gems/2.2.0/gems/selenium-webdriver-2.50.0/lib/selenium/webdriver/remote/http/common.rb:78:in `new'
/Users/admin/.rbenv/versions/2.2.3/lib/ruby/gems/2.2.0/gems/selenium-webdriver-2.50.0/lib/selenium/webdriver/remote/http/common.rb:78:in `create_response'
/Users/admin/.rbenv/versions/2.2.3/lib/ruby/gems/2.2.0/gems/selenium-webdriver-2.50.0/lib/selenium/webdriver/remote/http/default.rb:90:in `request'
/Users/admin/.rbenv/versions/2.2.3/lib/ruby/gems/2.2.0/gems/selenium-webdriver-2.50.0/lib/selenium/webdriver/remote/http/common.rb:59:in `call'
/Users/admin/.rbenv/versions/2.2.3/lib/ruby/gems/2.2.0/gems/selenium-webdriver-2.50.0/lib/selenium/webdriver/remote/bridge.rb:645:in `raw_execute'
/Users/admin/.rbenv/versions/2.2.3/lib/ruby/gems/2.2.0/gems/selenium-webdriver-2.50.0/lib/selenium/webdriver/remote/bridge.rb:623:in `execute'
/Users/admin/.rbenv/versions/2.2.3/lib/ruby/gems/2.2.0/gems/selenium-webdriver-2.50.0/lib/selenium/webdriver/remote/bridge.rb:572:in `isElementDisplayed'
/Users/admin/.rbenv/versions/2.2.3/lib/ruby/gems/2.2.0/gems/selenium-webdriver-2.50.0/lib/selenium/webdriver/common/element.rb:190:in `displayed?'
/Users/admin/Desktop/Autommation/jobscience/lib/New_Automation/tests/test_candidates_actions.rb:454:in `block in test_SearchEmploymentAddToNewList'
/Users/admin/.rbenv/versions/2.2.3/lib/ruby/gems/2.2.0/gems/selenium-webdriver-2.50.0/lib/selenium/webdriver/common/wait.rb:58:in `until'
/Users/admin/Desktop/Autommation/jobscience/lib/New_Automation/tests/test_candidates_actions.rb:453:in `test_SearchEmploymentAddToNewList'
/Users/admin/.rbenv/versions/2.2.3/lib/ruby/gems/2.2.0/gems/test-unit-2.5.5/lib/test/unit/testcase.rb:691:in `run_test'
/Users/admin/.rbenv/versions/2.2.3/lib/ruby/gems/2.2.0/gems/test-unit-2.5.5/lib/test/unit/testcase.rb:431:in `run'
/Users/admin/.rbenv/versions/2.2.3/lib/ruby/gems/2.2.0/gems/test-unit-2.5.5/lib/test/unit/testsuite.rb:121:in `run_test'
/Users/admin/.rbenv/versions/2.2.3/lib/ruby/gems/2.2.0/gems/test-unit-2.5.5/lib/test/unit/testsuite.rb:53:in `run'
/Users/admin/.rbenv/versions/2.2.3/lib/ruby/gems/2.2.0/gems/test-unit-2.5.5/lib/test/unit/testsuite.rb:121:in `run_test'
/Users/admin/.rbenv/versions/2.2.3/lib/ruby/gems/2.2.0/gems/test-unit-2.5.5/lib/test/unit/testsuite.rb:53:in `run'
/Users/admin/.rbenv/versions/2.2.3/lib/ruby/gems/2.2.0/gems/test-unit-2.5.5/lib/test/unit/testsuite.rb:121:in `run_test'
/Users/admin/.rbenv/versions/2.2.3/lib/ruby/gems/2.2.0/gems/test-unit-2.5.5/lib/test/unit/testsuite.rb:53:in `run'
/Users/admin/.rbenv/versions/2.2.3/lib/ruby/gems/2.2.0/gems/test-unit-2.5.5/lib/test/unit/ui/testrunnermediator.rb:65:in `run_suite'
/Users/admin/.rbenv/versions/2.2.3/lib/ruby/gems/2.2.0/gems/test-unit-2.5.5/lib/test/unit/ui/testrunnermediator.rb:44:in `block in run'
/Users/admin/.rbenv/versions/2.2.3/lib/ruby/gems/2.2.0/gems/test-unit-2.5.5/lib/test/unit/ui/testrunnermediator.rb:100:in `with_listener'
/Users/admin/.rbenv/versions/2.2.3/lib/ruby/gems/2.2.0/gems/test-unit-2.5.5/lib/test/unit/ui/testrunnermediator.rb:40:in `run'
/Users/admin/.rbenv/versions/2.2.3/lib/ruby/gems/2.2.0/gems/test-unit-2.5.5/lib/test/unit/ui/testrunner.rb:40:in `start_mediator'
/Users/admin/.rbenv/versions/2.2.3/lib/ruby/gems/2.2.0/gems/test-unit-2.5.5/lib/test/unit/ui/testrunner.rb:25:in `start'
/Users/admin/.rbenv/versions/2.2.3/lib/ruby/gems/2.2.0/gems/test-unit-2.5.5/lib/test/unit/ui/testrunnerutilities.rb:24:in `run'
/Users/admin/.rbenv/versions/2.2.3/lib/ruby/gems/2.2.0/gems/test-unit-2.5.5/lib/test/unit/autorunner.rb:409:in `block in run'
/Users/admin/.rbenv/versions/2.2.3/lib/ruby/gems/2.2.0/gems/test-unit-2.5.5/lib/test/unit/autorunner.rb:465:in `change_work_directory'
/Users/admin/.rbenv/versions/2.2.3/lib/ruby/gems/2.2.0/gems/test-unit-2.5.5/lib/test/unit/autorunner.rb:408:in `run'
/Users/admin/.rbenv/versions/2.2.3/lib/ruby/gems/2.2.0/gems/test-unit-2.5.5/lib/test/unit/autorunner.rb:59:in `run'
/Users/admin/.rbenv/versions/2.2.3/lib/ruby/gems/2.2.0/gems/test-unit-2.5.5/lib/test/unit.rb:502:in `block (2 levels) in &lt;top (required)&gt;'    </error>
  </testcase>
  <testcase name="test_SearchEmploymentApplyToJob" time="87.500918" assertions="0">
    <error type="Selenium::WebDriver::Error::NoSuchElementError" message="Unable to locate element: {&quot;method&quot;:&quot;xpath&quot;,&quot;selector&quot;:&quot;.//*[@class='list']//*[text()[contains(.,'781def13')]]/../..//input[1]&quot;}">
Unable to locate element: {"method":"xpath","selector":".//*[@class='list']//*[text()[contains(.,'781def13')]]/../..//input[1]"} (Selenium::WebDriver::Error::NoSuchElementError)
[remote server] file:///var/folders/ml/2cj5zyh53ys2qn9_nwv386q00000gn/T/webdriver-profile20160307-1748-1ekte1h/extensions/fxdriver@googlecode.com/components/driver-component.js:10719:in `FirefoxDriver.prototype.findElementInternal_'
[remote server] file:///var/folders/ml/2cj5zyh53ys2qn9_nwv386q00000gn/T/webdriver-profile20160307-1748-1ekte1h/extensions/fxdriver@googlecode.com/components/driver-component.js:10728:in `FirefoxDriver.prototype.findElement'
[remote server] file:///var/folders/ml/2cj5zyh53ys2qn9_nwv386q00000gn/T/webdriver-profile20160307-1748-1ekte1h/extensions/fxdriver@googlecode.com/components/command-processor.js:12595:in `DelayedCommand.prototype.executeInternal_/h'
[remote server] file:///var/folders/ml/2cj5zyh53ys2qn9_nwv386q00000gn/T/webdriver-profile20160307-1748-1ekte1h/extensions/fxdriver@googlecode.com/components/command-processor.js:12600:in `DelayedCommand.prototype.executeInternal_'
[remote server] file:///var/folders/ml/2cj5zyh53ys2qn9_nwv386q00000gn/T/webdriver-profile20160307-1748-1ekte1h/extensions/fxdriver@googlecode.com/components/command-processor.js:12542:in `DelayedCommand.prototype.execute/&lt;'
/Users/admin/.rbenv/versions/2.2.3/lib/ruby/gems/2.2.0/gems/selenium-webdriver-2.50.0/lib/selenium/webdriver/remote/response.rb:70:in `assert_ok'
/Users/admin/.rbenv/versions/2.2.3/lib/ruby/gems/2.2.0/gems/selenium-webdriver-2.50.0/lib/selenium/webdriver/remote/response.rb:34:in `initialize'
/Users/admin/.rbenv/versions/2.2.3/lib/ruby/gems/2.2.0/gems/selenium-webdriver-2.50.0/lib/selenium/webdriver/remote/http/common.rb:78:in `new'
/Users/admin/.rbenv/versions/2.2.3/lib/ruby/gems/2.2.0/gems/selenium-webdriver-2.50.0/lib/selenium/webdriver/remote/http/common.rb:78:in `create_response'
/Users/admin/.rbenv/versions/2.2.3/lib/ruby/gems/2.2.0/gems/selenium-webdriver-2.50.0/lib/selenium/webdriver/remote/http/default.rb:90:in `request'
/Users/admin/.rbenv/versions/2.2.3/lib/ruby/gems/2.2.0/gems/selenium-webdriver-2.50.0/lib/selenium/webdriver/remote/http/common.rb:59:in `call'
/Users/admin/.rbenv/versions/2.2.3/lib/ruby/gems/2.2.0/gems/selenium-webdriver-2.50.0/lib/selenium/webdriver/remote/bridge.rb:645:in `raw_execute'
/Users/admin/.rbenv/versions/2.2.3/lib/ruby/gems/2.2.0/gems/selenium-webdriver-2.50.0/lib/selenium/webdriver/remote/bridge.rb:623:in `execute'
/Users/admin/.rbenv/versions/2.2.3/lib/ruby/gems/2.2.0/gems/selenium-webdriver-2.50.0/lib/selenium/webdriver/remote/bridge.rb:592:in `find_element_by'
/Users/admin/.rbenv/versions/2.2.3/lib/ruby/gems/2.2.0/gems/selenium-webdriver-2.50.0/lib/selenium/webdriver/common/search_context.rb:61:in `find_element'
/Users/admin/Desktop/Autommation/jobscience/lib/New_Automation/tests/test_candidates_actions.rb:851:in `test_SearchEmploymentApplyToJob'
/Users/admin/.rbenv/versions/2.2.3/lib/ruby/gems/2.2.0/gems/test-unit-2.5.5/lib/test/unit/testcase.rb:691:in `run_test'
/Users/admin/.rbenv/versions/2.2.3/lib/ruby/gems/2.2.0/gems/test-unit-2.5.5/lib/test/unit/testcase.rb:431:in `run'
/Users/admin/.rbenv/versions/2.2.3/lib/ruby/gems/2.2.0/gems/test-unit-2.5.5/lib/test/unit/testsuite.rb:121:in `run_test'
/Users/admin/.rbenv/versions/2.2.3/lib/ruby/gems/2.2.0/gems/test-unit-2.5.5/lib/test/unit/testsuite.rb:53:in `run'
/Users/admin/.rbenv/versions/2.2.3/lib/ruby/gems/2.2.0/gems/test-unit-2.5.5/lib/test/unit/testsuite.rb:121:in `run_test'
/Users/admin/.rbenv/versions/2.2.3/lib/ruby/gems/2.2.0/gems/test-unit-2.5.5/lib/test/unit/testsuite.rb:53:in `run'
/Users/admin/.rbenv/versions/2.2.3/lib/ruby/gems/2.2.0/gems/test-unit-2.5.5/lib/test/unit/testsuite.rb:121:in `run_test'
/Users/admin/.rbenv/versions/2.2.3/lib/ruby/gems/2.2.0/gems/test-unit-2.5.5/lib/test/unit/testsuite.rb:53:in `run'
/Users/admin/.rbenv/versions/2.2.3/lib/ruby/gems/2.2.0/gems/test-unit-2.5.5/lib/test/unit/ui/testrunnermediator.rb:65:in `run_suite'
/Users/admin/.rbenv/versions/2.2.3/lib/ruby/gems/2.2.0/gems/test-unit-2.5.5/lib/test/unit/ui/testrunnermediator.rb:44:in `block in run'
/Users/admin/.rbenv/versions/2.2.3/lib/ruby/gems/2.2.0/gems/test-unit-2.5.5/lib/test/unit/ui/testrunnermediator.rb:100:in `with_listener'
/Users/admin/.rbenv/versions/2.2.3/lib/ruby/gems/2.2.0/gems/test-unit-2.5.5/lib/test/unit/ui/testrunnermediator.rb:40:in `run'
/Users/admin/.rbenv/versions/2.2.3/lib/ruby/gems/2.2.0/gems/test-unit-2.5.5/lib/test/unit/ui/testrunner.rb:40:in `start_mediator'
/Users/admin/.rbenv/versions/2.2.3/lib/ruby/gems/2.2.0/gems/test-unit-2.5.5/lib/test/unit/ui/testrunner.rb:25:in `start'
/Users/admin/.rbenv/versions/2.2.3/lib/ruby/gems/2.2.0/gems/test-unit-2.5.5/lib/test/unit/ui/testrunnerutilities.rb:24:in `run'
/Users/admin/.rbenv/versions/2.2.3/lib/ruby/gems/2.2.0/gems/test-unit-2.5.5/lib/test/unit/autorunner.rb:409:in `block in run'
/Users/admin/.rbenv/versions/2.2.3/lib/ruby/gems/2.2.0/gems/test-unit-2.5.5/lib/test/unit/autorunner.rb:465:in `change_work_directory'
/Users/admin/.rbenv/versions/2.2.3/lib/ruby/gems/2.2.0/gems/test-unit-2.5.5/lib/test/unit/autorunner.rb:408:in `run'
/Users/admin/.rbenv/versions/2.2.3/lib/ruby/gems/2.2.0/gems/test-unit-2.5.5/lib/test/unit/autorunner.rb:59:in `run'
/Users/admin/.rbenv/versions/2.2.3/lib/ruby/gems/2.2.0/gems/test-unit-2.5.5/lib/test/unit.rb:502:in `block (2 levels) in &lt;top (required)&gt;'    </error>
  </testcase>
  <testcase name="test_SearchSkillAddToExistingList" time="101.312395" assertions="4">
  </testcase>
  <testcase name="test_SearchSkillAddToNewList" time="72.791413" assertions="1">
    <error type="Selenium::WebDriver::Error::NoSuchElementError" message="Unable to locate element: {&quot;method&quot;:&quot;xpath&quot;,&quot;selector&quot;:&quot;.//*[@class='list']//*[text()[contains(.,'4b7bebfe')]]/../..//input&quot;}">
Unable to locate element: {"method":"xpath","selector":".//*[@class='list']//*[text()[contains(.,'4b7bebfe')]]/../..//input"} (Selenium::WebDriver::Error::NoSuchElementError)
[remote server] file:///var/folders/ml/2cj5zyh53ys2qn9_nwv386q00000gn/T/webdriver-profile20160307-1748-1h6sgln/extensions/fxdriver@googlecode.com/components/driver-component.js:10719:in `FirefoxDriver.prototype.findElementInternal_'
[remote server] file:///var/folders/ml/2cj5zyh53ys2qn9_nwv386q00000gn/T/webdriver-profile20160307-1748-1h6sgln/extensions/fxdriver@googlecode.com/components/driver-component.js:10728:in `FirefoxDriver.prototype.findElement'
[remote server] file:///var/folders/ml/2cj5zyh53ys2qn9_nwv386q00000gn/T/webdriver-profile20160307-1748-1h6sgln/extensions/fxdriver@googlecode.com/components/command-processor.js:12595:in `DelayedCommand.prototype.executeInternal_/h'
[remote server] file:///var/folders/ml/2cj5zyh53ys2qn9_nwv386q00000gn/T/webdriver-profile20160307-1748-1h6sgln/extensions/fxdriver@googlecode.com/components/command-processor.js:12600:in `DelayedCommand.prototype.executeInternal_'
[remote server] file:///var/folders/ml/2cj5zyh53ys2qn9_nwv386q00000gn/T/webdriver-profile20160307-1748-1h6sgln/extensions/fxdriver@googlecode.com/components/command-processor.js:12542:in `DelayedCommand.prototype.execute/&lt;'
/Users/admin/.rbenv/versions/2.2.3/lib/ruby/gems/2.2.0/gems/selenium-webdriver-2.50.0/lib/selenium/webdriver/remote/response.rb:70:in `assert_ok'
/Users/admin/.rbenv/versions/2.2.3/lib/ruby/gems/2.2.0/gems/selenium-webdriver-2.50.0/lib/selenium/webdriver/remote/response.rb:34:in `initialize'
/Users/admin/.rbenv/versions/2.2.3/lib/ruby/gems/2.2.0/gems/selenium-webdriver-2.50.0/lib/selenium/webdriver/remote/http/common.rb:78:in `new'
/Users/admin/.rbenv/versions/2.2.3/lib/ruby/gems/2.2.0/gems/selenium-webdriver-2.50.0/lib/selenium/webdriver/remote/http/common.rb:78:in `create_response'
/Users/admin/.rbenv/versions/2.2.3/lib/ruby/gems/2.2.0/gems/selenium-webdriver-2.50.0/lib/selenium/webdriver/remote/http/default.rb:90:in `request'
/Users/admin/.rbenv/versions/2.2.3/lib/ruby/gems/2.2.0/gems/selenium-webdriver-2.50.0/lib/selenium/webdriver/remote/http/common.rb:59:in `call'
/Users/admin/.rbenv/versions/2.2.3/lib/ruby/gems/2.2.0/gems/selenium-webdriver-2.50.0/lib/selenium/webdriver/remote/bridge.rb:645:in `raw_execute'
/Users/admin/.rbenv/versions/2.2.3/lib/ruby/gems/2.2.0/gems/selenium-webdriver-2.50.0/lib/selenium/webdriver/remote/bridge.rb:623:in `execute'
/Users/admin/.rbenv/versions/2.2.3/lib/ruby/gems/2.2.0/gems/selenium-webdriver-2.50.0/lib/selenium/webdriver/remote/bridge.rb:592:in `find_element_by'
/Users/admin/.rbenv/versions/2.2.3/lib/ruby/gems/2.2.0/gems/selenium-webdriver-2.50.0/lib/selenium/webdriver/common/search_context.rb:61:in `find_element'
/Users/admin/Desktop/Autommation/jobscience/lib/New_Automation/tests/test_candidates_actions.rb:71:in `test_SearchSkillAddToNewList'
/Users/admin/.rbenv/versions/2.2.3/lib/ruby/gems/2.2.0/gems/test-unit-2.5.5/lib/test/unit/testcase.rb:691:in `run_test'
/Users/admin/.rbenv/versions/2.2.3/lib/ruby/gems/2.2.0/gems/test-unit-2.5.5/lib/test/unit/testcase.rb:431:in `run'
/Users/admin/.rbenv/versions/2.2.3/lib/ruby/gems/2.2.0/gems/test-unit-2.5.5/lib/test/unit/testsuite.rb:121:in `run_test'
/Users/admin/.rbenv/versions/2.2.3/lib/ruby/gems/2.2.0/gems/test-unit-2.5.5/lib/test/unit/testsuite.rb:53:in `run'
/Users/admin/.rbenv/versions/2.2.3/lib/ruby/gems/2.2.0/gems/test-unit-2.5.5/lib/test/unit/testsuite.rb:121:in `run_test'
/Users/admin/.rbenv/versions/2.2.3/lib/ruby/gems/2.2.0/gems/test-unit-2.5.5/lib/test/unit/testsuite.rb:53:in `run'
/Users/admin/.rbenv/versions/2.2.3/lib/ruby/gems/2.2.0/gems/test-unit-2.5.5/lib/test/unit/testsuite.rb:121:in `run_test'
/Users/admin/.rbenv/versions/2.2.3/lib/ruby/gems/2.2.0/gems/test-unit-2.5.5/lib/test/unit/testsuite.rb:53:in `run'
/Users/admin/.rbenv/versions/2.2.3/lib/ruby/gems/2.2.0/gems/test-unit-2.5.5/lib/test/unit/ui/testrunnermediator.rb:65:in `run_suite'
/Users/admin/.rbenv/versions/2.2.3/lib/ruby/gems/2.2.0/gems/test-unit-2.5.5/lib/test/unit/ui/testrunnermediator.rb:44:in `block in run'
/Users/admin/.rbenv/versions/2.2.3/lib/ruby/gems/2.2.0/gems/test-unit-2.5.5/lib/test/unit/ui/testrunnermediator.rb:100:in `with_listener'
/Users/admin/.rbenv/versions/2.2.3/lib/ruby/gems/2.2.0/gems/test-unit-2.5.5/lib/test/unit/ui/testrunnermediator.rb:40:in `run'
/Users/admin/.rbenv/versions/2.2.3/lib/ruby/gems/2.2.0/gems/test-unit-2.5.5/lib/test/unit/ui/testrunner.rb:40:in `start_mediator'
/Users/admin/.rbenv/versions/2.2.3/lib/ruby/gems/2.2.0/gems/test-unit-2.5.5/lib/test/unit/ui/testrunner.rb:25:in `start'
/Users/admin/.rbenv/versions/2.2.3/lib/ruby/gems/2.2.0/gems/test-unit-2.5.5/lib/test/unit/ui/testrunnerutilities.rb:24:in `run'
/Users/admin/.rbenv/versions/2.2.3/lib/ruby/gems/2.2.0/gems/test-unit-2.5.5/lib/test/unit/autorunner.rb:409:in `block in run'
/Users/admin/.rbenv/versions/2.2.3/lib/ruby/gems/2.2.0/gems/test-unit-2.5.5/lib/test/unit/autorunner.rb:465:in `change_work_directory'
/Users/admin/.rbenv/versions/2.2.3/lib/ruby/gems/2.2.0/gems/test-unit-2.5.5/lib/test/unit/autorunner.rb:408:in `run'
/Users/admin/.rbenv/versions/2.2.3/lib/ruby/gems/2.2.0/gems/test-unit-2.5.5/lib/test/unit/autorunner.rb:59:in `run'
/Users/admin/.rbenv/versions/2.2.3/lib/ruby/gems/2.2.0/gems/test-unit-2.5.5/lib/test/unit.rb:502:in `block (2 levels) in &lt;top (required)&gt;'    </error>
  </testcase>
  <testcase name="test_SearchSkillApplyToJob" time="107.589261" assertions="3">
  </testcase>
  <system-out>

main

displayed
.//*[@class='pbButton']/input
click
displayed
.//*[@id='p3']
set_text
click
displayed
.//*[@id='acc2']
set_text
click
displayed
.//*[@title='Delete']

main

displayed
.//*[@class='pbButton']/input
click
displayed
.//*[@id='p3']
set_text
click
displayed
.//*[@id='name_lastcon2']
displayed
.//*[@id='con4']

main

set_text
set_text
click
displayed
.//*[@id='con2_ilecell']/div

main

displayed
.//*[@id='fcf']

main

displayed
.//*[@value='New Education History']
click
displayed
(.//*[@class='dataCol col02'])[1]/input
set_text
click

main

displayed
.//*[@name='edit']

main

displayed
.//*[@name='new']
click
displayed
.//*[@id='Name']
set_text
click
displayed
.//*[@action='confirmRemoveShortlist']

main

displayed
.//*[@id='phSearchInput']
set_text
click

main

displayed
.//*[@class='list']
click
displayed
.//*[@class='list']

main

displayed
.//*[@class='lookupInput']/input
set_text
click
displayed
.//*[@value='Close']

main

click

main

displayed
.//*[@class='wk-list-body']

main

displayed
.//*[@class='pbButton']/input
click
displayed
.//*[@id='p3']
set_text
click
displayed
.//*[@id='acc2']
set_text
click
displayed
.//*[@title='Delete']

main

displayed
.//*[@class='pbButton']/input
click
displayed
.//*[@id='p3']
set_text
click
displayed
.//*[@id='name_lastcon2']
displayed
.//*[@id='con4']

main

set_text
set_text
click
displayed
.//*[@id='con2_ilecell']/div

main

displayed
.//*[@id='fcf']

main

displayed
.//*[@value='New Education History']
click
displayed
(.//*[@class='dataCol col02'])[1]/input
set_text
click

main

displayed
.//*[@name='edit']

main

displayed
.//*[@id='phSearchInput']
set_text
click
displayed
.//*[@class='list']
click
displayed
.//*[@class='list']

main

displayed
.//*[@class='lookupInput']/input
set_text
click
displayed
.//*[@value='Close']

main

click

main

displayed
.//*[@class='wk-list-body']

main

displayed
.//*[@class='pbButton']/input
click
displayed
.//*[@id='p3']
set_text
click
displayed
.//*[@id='acc2']
set_text
click
displayed
.//*[@title='Delete']

main

displayed
.//*[@class='pbButton']/input
click
displayed
.//*[@id='p3']
set_text
click
displayed
.//*[@id='name_lastcon2']
displayed
.//*[@id='con4']

main

set_text
set_text
click
displayed
.//*[@id='con2_ilecell']/div

main

displayed
.//*[@id='fcf']

main

displayed
.//*[@value='New Education History']
click
displayed
(.//*[@class='dataCol col02'])[1]/input
set_text
click

main

displayed
.//*[@name='edit']

main

displayed
.//*[@name='new']
click
displayed
.//*[@value='Continue']
click
displayed
.//*[@id='Name']
set_text
set_text
set_text
set_text
set_text
click

main

displayed
.//*[@id='phSearchInput']
set_text
click
displayed
.//*[@class='list']
click
displayed
.//*[@class='list']

main

displayed
.//*[@class='lookupInput']/input
set_text
click
displayed
(.//*[@type='radio'])[1]
click
displayed
.//*[@class='requiredInput']/select
click
click
displayed
.//*[@class='data2Col last']/span

main

click

main

displayed
.//*[@id='fcf']

main

displayed
.//*[@class='pbButton']/input
click
displayed
.//*[@id='p3']
set_text
click
displayed
.//*[@id='acc2']
set_text
click
displayed
.//*[@title='Delete']

main

displayed
.//*[@class='pbButton']/input
click
displayed
.//*[@id='p3']
set_text
click
displayed
.//*[@id='name_lastcon2']
displayed
.//*[@id='con4']

main

set_text
set_text
click
displayed
.//*[@id='con2_ilecell']/div

main

displayed
.//*[@id='fcf']

main

displayed
.//*[@value='New Employment History']
click
displayed
(.//*[@class='dataCol col02'])[1]/input
displayed
(.//*[@class='dataCol col02'])[2]/input
set_text
set_text
click
displayed
.//*[@name='edit']

main

displayed
.//*[@name='new']
click
displayed
.//*[@id='Name']
set_text
click
displayed
.//*[@action='confirmRemoveShortlist']

main

displayed
.//*[@id='phSearchInput']
set_text
click
displayed
.//*[@class='list']
click
displayed
.//*[@class='list']

main

displayed
.//*[@class='pbButton']/input
click
displayed
.//*[@id='p3']
set_text
click
displayed
.//*[@id='acc2']
set_text
click
displayed
.//*[@title='Delete']

main

displayed
.//*[@class='pbButton']/input
click
displayed
.//*[@id='p3']
set_text
click
displayed
.//*[@id='name_lastcon2']
displayed
.//*[@id='con4']

main

set_text
set_text
click
displayed
.//*[@id='con2_ilecell']/div

main

displayed
.//*[@id='fcf']

main

displayed
.//*[@value='New Employment History']
click
displayed
(.//*[@class='dataCol col02'])[1]/input
displayed
(.//*[@class='dataCol col02'])[2]/input
set_text
set_text
click
displayed
.//*[@name='edit']

main

displayed
.//*[@id='phSearchInput']
set_text
click
displayed
.//*[@class='list']
click
displayed
.//*[@class='list']

main

displayed
.//*[@class='pbButton']/input
click
displayed
.//*[@id='p3']
set_text
click
displayed
.//*[@id='acc2']
set_text
click
displayed
.//*[@title='Delete']

main

displayed
.//*[@class='pbButton']/input
click
displayed
.//*[@id='p3']
set_text
click
displayed
.//*[@id='name_lastcon2']
displayed
.//*[@id='con4']

main

set_text
set_text
click
displayed
.//*[@id='con2_ilecell']/div

main

displayed
.//*[@id='fcf']

main

displayed
.//*[@value='New Employment History']
click
displayed
(.//*[@class='dataCol col02'])[1]/input
displayed
(.//*[@class='dataCol col02'])[2]/input
set_text
set_text
click
displayed
.//*[@name='edit']

main

displayed
.//*[@name='new']
click
displayed
.//*[@value='Continue']
click
displayed
.//*[@id='Name']
set_text
set_text
set_text
set_text
set_text
click

main

displayed
.//*[@id='phSearchInput']
set_text
click
displayed
.//*[@class='list']
click
displayed
.//*[@class='list']

main

displayed
.//*[@class='pbButton']/input
click
displayed
.//*[@id='p3']
set_text
click
displayed
.//*[@id='acc2']
set_text
click
displayed
.//*[@title='Delete']

main

displayed
.//*[@class='pbButton']/input
click
displayed
.//*[@id='p3']
set_text
click
displayed
.//*[@id='name_lastcon2']
displayed
.//*[@id='con4']

main

set_text
set_text
click
displayed
.//*[@id='con2_ilecell']/div

main

displayed
.//*[@id='fcf']

main

displayed
.//*[@id='topButtonRow']/input[9]
click

main

displayed
(.//*[@class='first_level']//input)[1]

main

click

main

click
displayed
.//*[@value='Close']

main

displayed
.//*[@name='new']
click
displayed
.//*[@id='Name']
set_text
click
displayed
.//*[@action='confirmRemoveShortlist']

main

displayed
.//*[@id='phSearchInput']
set_text
click
displayed
.//*[@class='list']
click
displayed
.//*[@class='list']

main

displayed
.//*[@class='lookupInput']/input
set_text
click
displayed
.//*[@value='Close']

main

click

main

displayed
.//*[@class='wk-list-body']

main

displayed
.//*[@class='pbButton']/input
click
displayed
.//*[@id='p3']
set_text
click
displayed
.//*[@id='acc2']
set_text
click
displayed
.//*[@title='Delete']

main

displayed
.//*[@class='pbButton']/input
click
displayed
.//*[@id='p3']
set_text
click
displayed
.//*[@id='name_lastcon2']
displayed
.//*[@id='con4']

main

set_text
set_text
click
displayed
.//*[@id='con2_ilecell']/div

main

displayed
.//*[@id='fcf']

main

displayed
.//*[@id='topButtonRow']/input[9]
click

main

displayed
(.//*[@class='first_level']//input)[1]

main

click

main

click
displayed
.//*[@value='Close']

main

displayed
.//*[@id='phSearchInput']
set_text
click
displayed
.//*[@class='list']
click
displayed
.//*[@class='list']

main

displayed
.//*[@class='pbButton']/input
click
displayed
.//*[@id='p3']
set_text
click
displayed
.//*[@id='acc2']
set_text
click
displayed
.//*[@title='Delete']

main

displayed
.//*[@class='pbButton']/input
click
displayed
.//*[@id='p3']
set_text
click
displayed
.//*[@id='name_lastcon2']
displayed
.//*[@id='con4']

main

set_text
set_text
click
displayed
.//*[@id='con2_ilecell']/div

main

displayed
.//*[@id='fcf']

main

displayed
.//*[@id='topButtonRow']/input[9]
click

main

displayed
(.//*[@class='first_level']//input)[1]

main

click

main

click
displayed
.//*[@value='Close']

main

displayed
.//*[@name='new']
click
displayed
.//*[@value='Continue']
click
displayed
.//*[@id='Name']
set_text
set_text
set_text
set_text
set_text
click

main

displayed
.//*[@id='phSearchInput']
set_text
click
displayed
.//*[@class='list']
click
displayed
.//*[@class='list']

main

displayed
.//*[@class='lookupInput']/input
set_text
click
displayed
(.//*[@type='radio'])[1]
click
displayed
.//*[@class='requiredInput']/select
click
click
displayed
.//*[@class='data2Col last']/span

main

click

main

displayed
.//*[@id='fcf']
  </system-out>
</testsuite>
